Change Component Footprint: Designator=R1 Old Footprint=RES-1/2W New Footprint=DIEN TRO 1/4 W
Change Component Footprint: Designator=R2 Old Footprint=RES-1/2W New Footprint=DIEN TRO 1/4 W
Change Component Footprint: Designator=R3 Old Footprint=RES-1/2W New Footprint=DIEN TRO 1/4 W
Change Component Footprint: Designator=R4 Old Footprint=RES-1/2W New Footprint=DIEN TRO 1/4 W
Change Component Footprint: Designator=R5 Old Footprint=RES-1/2W New Footprint=DIEN TRO 1/4 W
Change Component Footprint: Designator=R6 Old Footprint=RES-1/2W New Footprint=DIEN TRO 1/4 W
Change Component Footprint: Designator=R7 Old Footprint=RES-1/2W New Footprint=DIEN TRO 1/4 W
Change Component Footprint: Designator=R8 Old Footprint=RES-1/2W New Footprint=DIEN TRO 1/4 W
Change Component Comment : Designator=R1 Old Comment=Res New Comment=R0.4W
Change Component Comment : Designator=R2 Old Comment=Res New Comment=R0.4W
Change Component Comment : Designator=R3 Old Comment=Res New Comment=R0.4W
Change Component Comment : Designator=R4 Old Comment=Res New Comment=R0.4W
Change Component Comment : Designator=R5 Old Comment=Res New Comment=R0.4W
Change Component Comment : Designator=R6 Old Comment=Res New Comment=R0.4W
Change Component Comment : Designator=R7 Old Comment=Res New Comment=R0.4W
Change Component Comment : Designator=R8 Old Comment=Res New Comment=R0.4W
Change component parameters: Designator = "R1"; Footprint = "DIEN TRO 1/4 W"; UniqueID = "\EMDUQWUV"
Change component parameters. Clean all parameters for all variants
Change component parameters (AddParameter): Name = "LatestRevisionDate"; Value = "17-Jul-2002"; VariantName = "[No Variations]"
Change component parameters (AddParameter): Name = "LatestRevisionNote"; Value = "Re-released for DXP Platform."; VariantName = "[No Variations]"
Change component parameters (AddParameter): Name = "PackageReference"; Value = "AXIAL-0.4"; VariantName = "[No Variations]"
Change component parameters (AddParameter): Name = "Published"; Value = "8-Jun-2000"; VariantName = "[No Variations]"
Change component parameters (AddParameter): Name = "Publisher"; Value = "Altium Limited"; VariantName = "[No Variations]"
Change component parameters (AddParameter): Name = "Value"; Value = "R"; VariantName = "[No Variations]"
Change component parameters: Designator = "R2"; Footprint = "DIEN TRO 1/4 W"; UniqueID = "\KWYICNJW"
Change component parameters. Clean all parameters for all variants
Change component parameters (AddParameter): Name = "LatestRevisionDate"; Value = "17-Jul-2002"; VariantName = "[No Variations]"
Change component parameters (AddParameter): Name = "LatestRevisionNote"; Value = "Re-released for DXP Platform."; VariantName = "[No Variations]"
Change component parameters (AddParameter): Name = "PackageReference"; Value = "AXIAL-0.4"; VariantName = "[No Variations]"
Change component parameters (AddParameter): Name = "Published"; Value = "8-Jun-2000"; VariantName = "[No Variations]"
Change component parameters (AddParameter): Name = "Publisher"; Value = "Altium Limited"; VariantName = "[No Variations]"
Change component parameters (AddParameter): Name = "Value"; Value = "R"; VariantName = "[No Variations]"
Change component parameters: Designator = "R3"; Footprint = "DIEN TRO 1/4 W"; UniqueID = "\VYMVKVRN"
Change component parameters. Clean all parameters for all variants
Change component parameters (AddParameter): Name = "LatestRevisionDate"; Value = "17-Jul-2002"; VariantName = "[No Variations]"
Change component parameters (AddParameter): Name = "LatestRevisionNote"; Value = "Re-released for DXP Platform."; VariantName = "[No Variations]"
Change component parameters (AddParameter): Name = "PackageReference"; Value = "AXIAL-0.4"; VariantName = "[No Variations]"
Change component parameters (AddParameter): Name = "Published"; Value = "8-Jun-2000"; VariantName = "[No Variations]"
Change component parameters (AddParameter): Name = "Publisher"; Value = "Altium Limited"; VariantName = "[No Variations]"
Change component parameters (AddParameter): Name = "Value"; Value = "R"; VariantName = "[No Variations]"
Change component parameters: Designator = "R4"; Footprint = "DIEN TRO 1/4 W"; UniqueID = "\UJYDMLBL"
Change component parameters. Clean all parameters for all variants
Change component parameters (AddParameter): Name = "LatestRevisionDate"; Value = "17-Jul-2002"; VariantName = "[No Variations]"
Change component parameters (AddParameter): Name = "LatestRevisionNote"; Value = "Re-released for DXP Platform."; VariantName = "[No Variations]"
Change component parameters (AddParameter): Name = "PackageReference"; Value = "AXIAL-0.4"; VariantName = "[No Variations]"
Change component parameters (AddParameter): Name = "Published"; Value = "8-Jun-2000"; VariantName = "[No Variations]"
Change component parameters (AddParameter): Name = "Publisher"; Value = "Altium Limited"; VariantName = "[No Variations]"
Change component parameters (AddParameter): Name = "Value"; Value = "R"; VariantName = "[No Variations]"
Change component parameters: Designator = "R5"; Footprint = "DIEN TRO 1/4 W"; UniqueID = "\CUCYRSPB"
Change component parameters. Clean all parameters for all variants
Change component parameters (AddParameter): Name = "LatestRevisionDate"; Value = "17-Jul-2002"; VariantName = "[No Variations]"
Change component parameters (AddParameter): Name = "LatestRevisionNote"; Value = "Re-released for DXP Platform."; VariantName = "[No Variations]"
Change component parameters (AddParameter): Name = "PackageReference"; Value = "AXIAL-0.4"; VariantName = "[No Variations]"
Change component parameters (AddParameter): Name = "Published"; Value = "8-Jun-2000"; VariantName = "[No Variations]"
Change component parameters (AddParameter): Name = "Publisher"; Value = "Altium Limited"; VariantName = "[No Variations]"
Change component parameters (AddParameter): Name = "Value"; Value = "R"; VariantName = "[No Variations]"
Change component parameters: Designator = "R6"; Footprint = "DIEN TRO 1/4 W"; UniqueID = "\YOMICQFL"
Change component parameters. Clean all parameters for all variants
Change component parameters (AddParameter): Name = "LatestRevisionDate"; Value = "17-Jul-2002"; VariantName = "[No Variations]"
Change component parameters (AddParameter): Name = "LatestRevisionNote"; Value = "Re-released for DXP Platform."; VariantName = "[No Variations]"
Change component parameters (AddParameter): Name = "PackageReference"; Value = "AXIAL-0.4"; VariantName = "[No Variations]"
Change component parameters (AddParameter): Name = "Published"; Value = "8-Jun-2000"; VariantName = "[No Variations]"
Change component parameters (AddParameter): Name = "Publisher"; Value = "Altium Limited"; VariantName = "[No Variations]"
Change component parameters (AddParameter): Name = "Value"; Value = "R"; VariantName = "[No Variations]"
Change component parameters: Designator = "R7"; Footprint = "DIEN TRO 1/4 W"; UniqueID = "\NHMPFDDD"
Change component parameters. Clean all parameters for all variants
Change component parameters (AddParameter): Name = "LatestRevisionDate"; Value = "17-Jul-2002"; VariantName = "[No Variations]"
Change component parameters (AddParameter): Name = "LatestRevisionNote"; Value = "Re-released for DXP Platform."; VariantName = "[No Variations]"
Change component parameters (AddParameter): Name = "PackageReference"; Value = "AXIAL-0.4"; VariantName = "[No Variations]"
Change component parameters (AddParameter): Name = "Published"; Value = "8-Jun-2000"; VariantName = "[No Variations]"
Change component parameters (AddParameter): Name = "Publisher"; Value = "Altium Limited"; VariantName = "[No Variations]"
Change component parameters (AddParameter): Name = "Value"; Value = "R"; VariantName = "[No Variations]"
Change component parameters: Designator = "R8"; Footprint = "DIEN TRO 1/4 W"; UniqueID = "\MQHEARJE"
Change component parameters. Clean all parameters for all variants
Change component parameters (AddParameter): Name = "LatestRevisionDate"; Value = "17-Jul-2002"; VariantName = "[No Variations]"
Change component parameters (AddParameter): Name = "LatestRevisionNote"; Value = "Re-released for DXP Platform."; VariantName = "[No Variations]"
Change component parameters (AddParameter): Name = "PackageReference"; Value = "AXIAL-0.4"; VariantName = "[No Variations]"
Change component parameters (AddParameter): Name = "Published"; Value = "8-Jun-2000"; VariantName = "[No Variations]"
Change component parameters (AddParameter): Name = "Publisher"; Value = "Altium Limited"; VariantName = "[No Variations]"
Change component parameters (AddParameter): Name = "Value"; Value = "R"; VariantName = "[No Variations]"
Added Room: Name=traffic_light_schematic
