Change Component Designator: Old Designator=C? New Designator=C1
Change Component Designator: Old Designator=IC? New Designator=IC1
Change Component Designator: Old Designator=IC? New Designator=IC1
Change Component Part ID : Designator=IC1 Old Part ID =1 New Part ID =2
Change Component Designator: Old Designator=IC? New Designator=IC1
Change Component Part ID : Designator=IC1 Old Part ID =1 New Part ID =3
Change Component Designator: Old Designator=IC? New Designator=IC3
Change Component Designator: Old Designator=IC? New Designator=IC3
Change Component Part ID : Designator=IC3 Old Part ID =1 New Part ID =2
Change Component Designator: Old Designator=IC? New Designator=IC3
Change Component Part ID : Designator=IC3 Old Part ID =1 New Part ID =3
Change Component Designator: Old Designator=IC? New Designator=IC3
Change Component Part ID : Designator=IC3 Old Part ID =1 New Part ID =4
Change Component Designator: Old Designator=IC? New Designator=IC3
Change Component Part ID : Designator=IC3 Old Part ID =1 New Part ID =5
Change Component Designator: Old Designator=IC? New Designator=IC2
Change Component Designator: Old Designator=IC? New Designator=IC4
Change Component Designator: Old Designator=LED? New Designator=LED1
Change Component Designator: Old Designator=R? New Designator=R1
Change Component Designator: Old Designator=R? New Designator=R2
Change Component Designator: Old Designator=U? New Designator=U1
Change Component Designator: Old Designator=VR? New Designator=VR1
