Added Component: Designator=JP2(JP_2)
Add component. Clean all parameters for all variants
Added Component: Designator=SW2(switch)
Add component. Clean all parameters for all variants
Added Component: Designator=USB1(MicroUSB_F_2)
Add component. Clean all parameters for all variants
Added Component: Designator=USB2(MicroUSB_F_2)
Add component. Clean all parameters for all variants
Added Pin To Net: NetName=+5 Pin=JP1-1
Added Pin To Net: NetName=GND Pin=JP1-2
Added Pin To Net: NetName=+5 Pin=JP2-1
Added Pin To Net: NetName=GND Pin=JP2-2
Added Pin To Net: NetName=NetD1_A Pin=SW1-2
Added Pin To Net: NetName=+5 Pin=SW1-3
Added Pin To Net: NetName=NetD1_A Pin=SW1-5
Added Pin To Net: NetName=+5 Pin=SW1-6
Added Pin To Net: NetName=NetD1_A Pin=SW2-2
Added Pin To Net: NetName=+5 Pin=SW2-3
Added Pin To Net: NetName=NetD1_A Pin=SW2-5
Added Pin To Net: NetName=+5 Pin=SW2-6
Added Pin To Net: NetName=+5 Pin=USB1-1
Added Pin To Net: NetName=GND Pin=USB1-5
Added Pin To Net: NetName=+5 Pin=USB2-1
Added Pin To Net: NetName=GND Pin=USB2-5
Added Member To Class: ClassName=pinus Member=Component D35 LED-200mil
Added Member To Class: ClassName=pinus Member=Component JP1 JP_2
Added Member To Class: ClassName=pinus Member=Component JP2 JP_2
Added Member To Class: ClassName=pinus Member=Component SW1 switch
Added Member To Class: ClassName=pinus Member=Component SW2 switch
Added Member To Class: ClassName=pinus Member=Component USB1 microUSB
Added Member To Class: ClassName=pinus Member=Component USB2 microUSB
Added Room: Name=pinus
