Removed Member From Class: ClassName=Led-3V Member=Q?
Change Component Designator: OldDesignator=IC? NewDesignator=IC1
Change Component Designator: OldDesignator=R? NewDesignator=R1
Change Component Designator: OldDesignator=R? NewDesignator=R2
Change Component Designator: OldDesignator=R? NewDesignator=R3
Change Component Designator: OldDesignator=R? NewDesignator=R4
Change Component Designator: OldDesignator=R? NewDesignator=R5
Change Component Designator: OldDesignator=R? NewDesignator=R7
Change Component Designator: OldDesignator=R? NewDesignator=R8
Added Component: Designator=D1(DIODE - VERTICAL)
Add component. Clean all parameters for all variants
Added Component: Designator=Q1(IRF640)
Add component. Clean all parameters for all variants
Added Component: Designator=R6(RES)
Add component. Clean all parameters for all variants
Added Component: Designator=RL1(RYxW-K)
Add component. Clean all parameters for all variants
Added Component: Designator=SJ1(S_JP_1)
Add component. Clean all parameters for all variants
Added Component: Designator=SJ2(S_JP_1)
Add component. Clean all parameters for all variants
Added Pin To Net: NetName=+12 Pin=D1-C
Added Pin To Net: NetName=GND Pin=Q1-S
Added Pin To Net: NetName=GND Pin=R6-1
Added Pin To Net: NetName=+12 Pin=RL1-1
Added Pin To Net: NetName=+12 Pin=SJ1-1
Added Pin To Net: NetName=+12 Pin=SJ2-1
Change Net Name : Old Net Name=NetIC?_2 New Net Name=NetIC1_2
Change Net Name : Old Net Name=NetIC?_3 New Net Name=NetIC1_3
Change Net Name : Old Net Name=NetIC?_6 New Net Name=NetIC1_6
Change Net Name : Old Net Name=NetR?_1 New Net Name=NetR2_1
Added Pin To Net: NetName=NetD1_A Pin=D1-A
Added Pin To Net: NetName=NetD1_A Pin=Q1-D
Added Pin To Net: NetName=NetD1_A Pin=RL1-8
Added Net: Name=NetD1_A
Added Pin To Net: NetName=NetQ1_G Pin=Q1-G
Added Pin To Net: NetName=NetQ1_G Pin=R3-1
Added Pin To Net: NetName=NetQ1_G Pin=R7-2
Added Net: Name=NetQ1_G
Added Pin To Net: NetName=NetR6_2 Pin=R6-2
Added Pin To Net: NetName=NetR6_2 Pin=RL1-2
Added Net: Name=NetR6_2
Added Pin To Net: NetName=NetRL1_3 Pin=RL1-3
Added Pin To Net: NetName=NetRL1_3 Pin=SJ1-2
Added Net: Name=NetRL1_3
Added Pin To Net: NetName=NetRL1_4 Pin=RL1-4
Added Pin To Net: NetName=NetRL1_4 Pin=SJ2-2
Added Net: Name=NetRL1_4
Added Member To Class: ClassName=Led-3V Member=Component D1 Diode
Added Member To Class: ClassName=Led-3V Member=Component Q1 IRF640
Added Member To Class: ClassName=Led-3V Member=Component R1 RES
Added Member To Class: ClassName=Led-3V Member=Component R2 RES
Added Member To Class: ClassName=Led-3V Member=Component R3 RES
Added Member To Class: ClassName=Led-3V Member=Component R5 RES
Added Member To Class: ClassName=Led-3V Member=Component R6 _toLED
Added Member To Class: ClassName=Led-3V Member=Component R7 RES
Added Member To Class: ClassName=Led-3V Member=Component R8 POT_RES
Added Member To Class: ClassName=Led-3V Member=Component RL1 RYxW-K
Added Member To Class: ClassName=Led-3V Member=Component SJ1 Solderable Jump
Added Member To Class: ClassName=Led-3V Member=Component SJ2 Solderable Jump
