Change Component Description : Designator=X3 Old Description=di?n tr? size nh? New Description=di?n tr? size nh?
Change Component Description : Designator=X5 Old Description=di?n tr? size nh? New Description=di?n tr? size nh?
Change Component Description : Designator=X6 Old Description=di?n tr? size nh? New Description=di?n tr? size nh?
Change Component Description : Designator=X12 Old Description=di?n tr? size nh? New Description=di?n tr? size nh?
Change Component Description : Designator=X13 Old Description=di?n tr? size nh? New Description=di?n tr? size nh?
Change Component Description : Designator=X15 Old Description=di?n tr? size nh? New Description=di?n tr? size nh?
Change Component Description : Designator=X16 Old Description=di?n tr? size nh? New Description=di?n tr? size nh?
Change Component Description : Designator=X18 Old Description=di?n tr? size nh? New Description=di?n tr? size nh?
Change Component Description : Designator=X19 Old Description=di?n tr? size nh? New Description=di?n tr? size nh?
Change Component Description : Designator=X21 Old Description=di?n tr? size nh? New Description=di?n tr? size nh?
Change Component Description : Designator=X24 Old Description=di?n tr? size nh? New Description=di?n tr? size nh?
Change Component Description : Designator=X25 Old Description=di?n tr? size nh? New Description=di?n tr? size nh?
Change Component Description : Designator=X26 Old Description=di?n tr? size nh? New Description=di?n tr? size nh?
Change Component Description : Designator=X27 Old Description=di?n tr? size nh? New Description=di?n tr? size nh?
Change Component Description : Designator=X29 Old Description=di?n tr? size nh? New Description=di?n tr? size nh?
Change Component Description : Designator=X30 Old Description=di?n tr? size nh? New Description=di?n tr? size nh?
Change Component Description : Designator=X31 Old Description=di?n tr? size nh? New Description=di?n tr? size nh?
Change Component Description : Designator=X32 Old Description=di?n tr? size nh? New Description=di?n tr? size nh?
Change Component Description : Designator=X35 Old Description=di?n tr? size nh? New Description=di?n tr? size nh?
Change Component Description : Designator=X36 Old Description=di?n tr? size nh? New Description=di?n tr? size nh?
Change Component Description : Designator=X37 Old Description=di?n tr? size nh? New Description=di?n tr? size nh?
Change Component Description : Designator=X39 Old Description=di?n tr? size nh? New Description=di?n tr? size nh?
Change Component Description : Designator=X40 Old Description=di?n tr? size nh? New Description=di?n tr? size nh?
Change Component Description : Designator=X41 Old Description=di?n tr? size nh? New Description=di?n tr? size nh?
Change Component Description : Designator=X42 Old Description=di?n tr? size nh? New Description=di?n tr? size nh?
Change Component Description : Designator=X43 Old Description=di?n tr? size nh? New Description=di?n tr? size nh?
Change Component Description : Designator=X44 Old Description=di?n tr? size nh? New Description=di?n tr? size nh?
Change Component Description : Designator=X45 Old Description=di?n tr? size nh? New Description=di?n tr? size nh?
Change Component Description : Designator=X52 Old Description=di?n tr? size nh? New Description=di?n tr? size nh?
Change Component Description : Designator=X53 Old Description=di?n tr? size nh? New Description=di?n tr? size nh?
Change Component Description : Designator=X54 Old Description=di?n tr? size nh? New Description=di?n tr? size nh?
Change Component Description : Designator=X55 Old Description=di?n tr? size nh? New Description=di?n tr? size nh?
Change Component Description : Designator=X57 Old Description=di?n tr? size nh? New Description=di?n tr? size nh?
Change Component Description : Designator=X58 Old Description=di?n tr? size nh? New Description=di?n tr? size nh?
Change Component Description : Designator=X60 Old Description=di?n tr? size nh? New Description=di?n tr? size nh?
Change Component Description : Designator=X61 Old Description=di?n tr? size nh? New Description=di?n tr? size nh?
Change Component Description : Designator=X62 Old Description=di?n tr? size nh? New Description=di?n tr? size nh?
Change Component Description : Designator=X64 Old Description=di?n tr? size nh? New Description=di?n tr? size nh?
Change Component Description : Designator=X65 Old Description=di?n tr? size nh? New Description=di?n tr? size nh?
Change Component Description : Designator=X66 Old Description=di?n tr? size nh? New Description=di?n tr? size nh?
Change Component Description : Designator=X68 Old Description=di?n tr? size nh? New Description=di?n tr? size nh?
Change Component Description : Designator=X69 Old Description=di?n tr? size nh? New Description=di?n tr? size nh?
Change Component Description : Designator=X70 Old Description=di?n tr? size nh? New Description=di?n tr? size nh?
Change Component Description : Designator=X72 Old Description=di?n tr? size nh? New Description=di?n tr? size nh?
Change Component Description : Designator=X73 Old Description=di?n tr? size nh? New Description=di?n tr? size nh?
Change Component Description : Designator=X75 Old Description=di?n tr? size nh? New Description=di?n tr? size nh?
Change Component Description : Designator=X77 Old Description=di?n tr? size nh? New Description=di?n tr? size nh?
Change Component Description : Designator=X78 Old Description=di?n tr? size nh? New Description=di?n tr? size nh?
Change Component Description : Designator=X79 Old Description=di?n tr? size nh? New Description=di?n tr? size nh?
Change Component Description : Designator=X80 Old Description=di?n tr? size nh? New Description=di?n tr? size nh?
Change Component Description : Designator=X82 Old Description=di?n tr? size nh? New Description=di?n tr? size nh?
Change Component Description : Designator=X83 Old Description=di?n tr? size nh? New Description=di?n tr? size nh?
Change Component Description : Designator=X84 Old Description=di?n tr? size nh? New Description=di?n tr? size nh?
Change Component Description : Designator=X85 Old Description=di?n tr? size nh? New Description=di?n tr? size nh?
Change Component Description : Designator=X91 Old Description=di?n tr? size nh? New Description=di?n tr? size nh?
Change Component Description : Designator=X92 Old Description=di?n tr? size nh? New Description=di?n tr? size nh?
Change Component Description : Designator=X93 Old Description=di?n tr? size nh? New Description=di?n tr? size nh?
Added Component: Designator=P?(*FCI_87520-0010BLF)
Add component. Clean all parameters for all variants
Add component (AddParameter): Name = "Availability"; Value = "Unavailable"; VariantName = "[No Variations]"
Add component (AddParameter): Name = "MF"; Value = "Amphenol ICC"; VariantName = "[No Variations]"
Add component (AddParameter): Name = "MP"; Value = "87520-0010BLF"; VariantName = "[No Variations]"
Add component (AddParameter): Name = "Package"; Value = "None"; VariantName = "[No Variations]"
Add component (AddParameter): Name = "Price"; Value = "None"; VariantName = "[No Variations]"
Add component (AddParameter): Name = "SnapEDA_Link"; Value = "https://www.snapeda.com/parts/87520-0010BLF/Amphenol%20ICC/view-part/?ref=snap"; VariantName = "[No Variations]"
Add component (AddParameter): Name = "Value"; Value = ""; VariantName = "[No Variations]"
Added Member To Class: ClassName=w47_LED_RGB_pinout Member=Component P? 87520-0010BLF
Added Room: Name=w47_LED_RGB_pinout
