Removed Pin From Net: NetName=NetX4_3 Pin=X6-1
Added Component: Designator=X32(JP2-C1T)
Add component. Clean all parameters for all variants
Add component (AddParameter): Name = "ComponentLink1 Description"; Value = "Manufacturer"; VariantName = "[No Variations]"
Add component (AddParameter): Name = "ComponentLink1URL"; Value = "http://www.we-online.com"; VariantName = "[No Variations]"
Add component (AddParameter): Name = "ComponentLink2 Description"; Value = "Datasheet"; VariantName = "[No Variations]"
Add component (AddParameter): Name = "ComponentLink2URL"; Value = "http://katalog.we-online.de/em/datasheet/6130xx143121.pdf"; VariantName = "[No Variations]"
Add component (AddParameter): Name = "Created by"; Value = "Karrer Zheng"; VariantName = "[No Variations]"
Add component (AddParameter): Name = "Created Date"; Value = "29 March 2013"; VariantName = "[No Variations]"
Add component (AddParameter): Name = "Manufacturer"; Value = "W¨¹rth Elektronik eiSos GmbH"; VariantName = "[No Variations]"
Add component (AddParameter): Name = "NoPins"; Value = "02"; VariantName = "[No Variations]"
Add component (AddParameter): Name = "partNo"; Value = "613002143121"; VariantName = "[No Variations]"
Added Pin To Net: NetName=NetX30_5 Pin=X30-5
Added Pin To Net: NetName=NetX30_5 Pin=X32-2
Added Net: Name=NetX30_5
Added Pin To Net: NetName=NetX30_6 Pin=X30-6
Added Pin To Net: NetName=NetX30_6 Pin=X32-1
Added Net: Name=NetX30_6
Added Member To Class: ClassName=w47_LED_RGB_pinout Member=Component X5 JP1
Added Member To Class: ClassName=w47_LED_RGB_pinout Member=Component X10 JP3
Added Member To Class: ClassName=w47_LED_RGB_pinout Member=Component X31 JP2
Added Member To Class: ClassName=w47_LED_RGB_pinout Member=Component X32 JP2
Added Room: Name=w47_LED_RGB_pinout
