Removed Member From Class: ClassName=w47_LED_RGB_pinout Member=J1
Removed Member From Class: ClassName=w47_LED_RGB_pinout Member=J2
Removed Member From Class: ClassName=w47_LED_RGB_pinout Member=LED3
Added Component: Designator=CS1()
Add component. Clean all parameters for all variants
Add component (AddParameter): Name = "ConfigurationParameters"; Value = "{}__sensorid[10]{}odiameter[20]{}idiameter[7.5]{}numberofkeys[4]{}segmentsbetweenchannels[1]{}gapthickness[0.3]{}fingers[3]{}xwidth[1]{}ywidth[0.3]{}"; VariantName = "[No Variations]"
Add component (AddParameter): Name = "ConfiguratorName"; Value = "ATMEL_TOUCH"; VariantName = "[No Variations]"
Added Component: Designator=CS2()
Add component. Clean all parameters for all variants
Add component (AddParameter): Name = "ConfigurationParameters"; Value = "{}__sensorid[7]{}diameter[20]{}"; VariantName = "[No Variations]"
Add component (AddParameter): Name = "ConfiguratorName"; Value = "ATMEL_TOUCH"; VariantName = "[No Variations]"
Added Component: Designator=CS3()
Add component. Clean all parameters for all variants
Add component (AddParameter): Name = "ConfigurationParameters"; Value = "{}__sensorid[11]{}odiameter[30]{}idiameter[7.5]{}numberofkeys[4]{}segmentsbetweenchannels[3]{}gapthickness[0.3]{}ywidth[0.3]{}"; VariantName = "[No Variations]"
Add component (AddParameter): Name = "ConfiguratorName"; Value = "ATMEL_TOUCH"; VariantName = "[No Variations]"
Added Component: Designator=CS4()
Add component. Clean all parameters for all variants
Add component (AddParameter): Name = "ConfigurationParameters"; Value = "{}__sensorid[8]{}odiameter[30]{}idiameter[10]{}gapthickness[0.3]{}"; VariantName = "[No Variations]"
Add component (AddParameter): Name = "ConfiguratorName"; Value = "ATMEL_TOUCH"; VariantName = "[No Variations]"
Added Component: Designator=CS5()
Add component. Clean all parameters for all variants
Add component (AddParameter): Name = "ConfigurationParameters"; Value = "{}__sensorid[4]{}width[50]{}height[12]{}gapthickness[0.3]{}"; VariantName = "[No Variations]"
Add component (AddParameter): Name = "ConfiguratorName"; Value = "ATMEL_TOUCH"; VariantName = "[No Variations]"
Added Component: Designator=CS6()
Add component. Clean all parameters for all variants
Add component (AddParameter): Name = "ConfigurationParameters"; Value = "{}__sensorid[5]{}width[32]{}height[12]{}channels[4]{}segmentsbetweenchannels[0]{}t[0.3]{}ywidth[0.5]{}"; VariantName = "[No Variations]"
Add component (AddParameter): Name = "ConfiguratorName"; Value = "ATMEL_TOUCH"; VariantName = "[No Variations]"
Added Component: Designator=CS7()
Add component. Clean all parameters for all variants
Add component (AddParameter): Name = "ConfigurationParameters"; Value = "{}__sensorid[9]{}odiameter[30]{}idiameter[9]{}segmentsbetweenchannels[3]{}gapthickness[0.3]{}"; VariantName = "[No Variations]"
Add component (AddParameter): Name = "ConfiguratorName"; Value = "ATMEL_TOUCH"; VariantName = "[No Variations]"
Added Component: Designator=CS8()
Add component. Clean all parameters for all variants
Add component (AddParameter): Name = "ConfigurationParameters"; Value = "{}__sensorid[3]{}width[25]{}height[12]{}gapthickness[0.3]{}"; VariantName = "[No Variations]"
Add component (AddParameter): Name = "ConfiguratorName"; Value = "ATMEL_TOUCH"; VariantName = "[No Variations]"
Added Component: Designator=CS9()
Add component. Clean all parameters for all variants
Add component (AddParameter): Name = "ConfigurationParameters"; Value = "{}__sensorid[6]{}width[50]{}height[12]{}gapthickness[0.3]{}numchannels[4]{}segmentsbetweenchannels[1]{}ywidth[0.3]{}"; VariantName = "[No Variations]"
Add component (AddParameter): Name = "ConfiguratorName"; Value = "ATMEL_TOUCH"; VariantName = "[No Variations]"
Added Component: Designator=CS10()
Add component. Clean all parameters for all variants
Add component (AddParameter): Name = "ConfigurationParameters"; Value = "{}__sensorid[1]{}width[15]{}height[15]{}"; VariantName = "[No Variations]"
Add component (AddParameter): Name = "ConfiguratorName"; Value = "ATMEL_TOUCH"; VariantName = "[No Variations]"
Added Component: Designator=CS11()
Add component. Clean all parameters for all variants
Add component (AddParameter): Name = "ConfigurationParameters"; Value = "{}__sensorid[2]{}width[15]{}height[15]{}gapthickness[0.3]{}"; VariantName = "[No Variations]"
Add component (AddParameter): Name = "ConfiguratorName"; Value = "ATMEL_TOUCH"; VariantName = "[No Variations]"
Added Component: Designator=CS12()
Add component. Clean all parameters for all variants
Add component (AddParameter): Name = "ConfigurationParameters"; Value = "{}__sensorid[12]{}odiameter[40]{}idiameter[16]{}channels[6]{}segmentsbetweenchannels[0]{}gapthickness[0.3]{}ywidth[0.3]{}"; VariantName = "[No Variations]"
Add component (AddParameter): Name = "ConfiguratorName"; Value = "ATMEL_TOUCH"; VariantName = "[No Variations]"
Added Member To Class: ClassName=w47_LED_RGB_pinout Member=Component CS1 Small QMatrix Wheel
Added Member To Class: ClassName=w47_LED_RGB_pinout Member=Component CS2 Small QTouch Wheel
Added Member To Class: ClassName=w47_LED_RGB_pinout Member=Component CS3 Medium Resitively Interpolated QMatrix Wheel
Added Member To Class: ClassName=w47_LED_RGB_pinout Member=Component CS4 Medium QTouch Wheel
Added Member To Class: ClassName=w47_LED_RGB_pinout Member=Component CS5 Medium QTouch Slider
Added Member To Class: ClassName=w47_LED_RGB_pinout Member=Component CS6 Small QMatrix Slider
Added Member To Class: ClassName=w47_LED_RGB_pinout Member=Component CS7 Medium Resistively Interpolated QTouch Wheel
Added Member To Class: ClassName=w47_LED_RGB_pinout Member=Component CS8 Small QTouch Slider
Added Member To Class: ClassName=w47_LED_RGB_pinout Member=Component CS9 Medium QMatrix Slider
Added Member To Class: ClassName=w47_LED_RGB_pinout Member=Component CS10 QTouch Button
Added Member To Class: ClassName=w47_LED_RGB_pinout Member=Component CS11 QMatrix Button
Added Member To Class: ClassName=w47_LED_RGB_pinout Member=Component CS12 Medium & Large QMatrix Wheel
Added Room: Name=w47_LED_RGB_pinout
