Change Component Description : Designator=X3 Old Description=di?n tr? size nh? New Description=di?n tr? size nh?
Change Component Description : Designator=X5 Old Description=di?n tr? size nh? New Description=di?n tr? size nh?
Change Component Description : Designator=X6 Old Description=di?n tr? size nh? New Description=di?n tr? size nh?
Change Component Description : Designator=X12 Old Description=di?n tr? size nh? New Description=di?n tr? size nh?
Change Component Description : Designator=X13 Old Description=di?n tr? size nh? New Description=di?n tr? size nh?
Change Component Description : Designator=X15 Old Description=di?n tr? size nh? New Description=di?n tr? size nh?
Change Component Description : Designator=X16 Old Description=di?n tr? size nh? New Description=di?n tr? size nh?
Change Component Description : Designator=X18 Old Description=di?n tr? size nh? New Description=di?n tr? size nh?
Change Component Description : Designator=X19 Old Description=di?n tr? size nh? New Description=di?n tr? size nh?
Change Component Description : Designator=X21 Old Description=di?n tr? size nh? New Description=di?n tr? size nh?
Change Component Description : Designator=X24 Old Description=di?n tr? size nh? New Description=di?n tr? size nh?
Change Component Description : Designator=X25 Old Description=di?n tr? size nh? New Description=di?n tr? size nh?
Change Component Description : Designator=X26 Old Description=di?n tr? size nh? New Description=di?n tr? size nh?
Change Component Description : Designator=X27 Old Description=di?n tr? size nh? New Description=di?n tr? size nh?
Change Component Description : Designator=X29 Old Description=di?n tr? size nh? New Description=di?n tr? size nh?
Change Component Description : Designator=X30 Old Description=di?n tr? size nh? New Description=di?n tr? size nh?
Change Component Description : Designator=X31 Old Description=di?n tr? size nh? New Description=di?n tr? size nh?
Change Component Description : Designator=X32 Old Description=di?n tr? size nh? New Description=di?n tr? size nh?
Change Component Description : Designator=X35 Old Description=di?n tr? size nh? New Description=di?n tr? size nh?
Change Component Description : Designator=X36 Old Description=di?n tr? size nh? New Description=di?n tr? size nh?
Change Component Description : Designator=X37 Old Description=di?n tr? size nh? New Description=di?n tr? size nh?
Change Component Description : Designator=X39 Old Description=di?n tr? size nh? New Description=di?n tr? size nh?
Change Component Description : Designator=X40 Old Description=di?n tr? size nh? New Description=di?n tr? size nh?
Change Component Description : Designator=X41 Old Description=di?n tr? size nh? New Description=di?n tr? size nh?
Change Component Description : Designator=X42 Old Description=di?n tr? size nh? New Description=di?n tr? size nh?
Change Component Description : Designator=X43 Old Description=di?n tr? size nh? New Description=di?n tr? size nh?
Change Component Description : Designator=X44 Old Description=di?n tr? size nh? New Description=di?n tr? size nh?
Change Component Description : Designator=X45 Old Description=di?n tr? size nh? New Description=di?n tr? size nh?
Change Component Description : Designator=X52 Old Description=di?n tr? size nh? New Description=di?n tr? size nh?
Change Component Description : Designator=X53 Old Description=di?n tr? size nh? New Description=di?n tr? size nh?
Change Component Description : Designator=X54 Old Description=di?n tr? size nh? New Description=di?n tr? size nh?
Change Component Description : Designator=X55 Old Description=di?n tr? size nh? New Description=di?n tr? size nh?
Change Component Description : Designator=X57 Old Description=di?n tr? size nh? New Description=di?n tr? size nh?
Change Component Description : Designator=X58 Old Description=di?n tr? size nh? New Description=di?n tr? size nh?
Change Component Description : Designator=X60 Old Description=di?n tr? size nh? New Description=di?n tr? size nh?
Change Component Description : Designator=X61 Old Description=di?n tr? size nh? New Description=di?n tr? size nh?
Change Component Description : Designator=X62 Old Description=di?n tr? size nh? New Description=di?n tr? size nh?
Change Component Description : Designator=X64 Old Description=di?n tr? size nh? New Description=di?n tr? size nh?
Change Component Description : Designator=X65 Old Description=di?n tr? size nh? New Description=di?n tr? size nh?
Change Component Description : Designator=X66 Old Description=di?n tr? size nh? New Description=di?n tr? size nh?
Change Component Description : Designator=X68 Old Description=di?n tr? size nh? New Description=di?n tr? size nh?
Change Component Description : Designator=X69 Old Description=di?n tr? size nh? New Description=di?n tr? size nh?
Change Component Description : Designator=X70 Old Description=di?n tr? size nh? New Description=di?n tr? size nh?
Change Component Description : Designator=X72 Old Description=di?n tr? size nh? New Description=di?n tr? size nh?
Change Component Description : Designator=X73 Old Description=di?n tr? size nh? New Description=di?n tr? size nh?
Change Component Description : Designator=X75 Old Description=di?n tr? size nh? New Description=di?n tr? size nh?
Change Component Description : Designator=X77 Old Description=di?n tr? size nh? New Description=di?n tr? size nh?
Change Component Description : Designator=X78 Old Description=di?n tr? size nh? New Description=di?n tr? size nh?
Change Component Description : Designator=X79 Old Description=di?n tr? size nh? New Description=di?n tr? size nh?
Change Component Description : Designator=X80 Old Description=di?n tr? size nh? New Description=di?n tr? size nh?
Change Component Description : Designator=X82 Old Description=di?n tr? size nh? New Description=di?n tr? size nh?
Change Component Description : Designator=X83 Old Description=di?n tr? size nh? New Description=di?n tr? size nh?
Change Component Description : Designator=X84 Old Description=di?n tr? size nh? New Description=di?n tr? size nh?
Change Component Description : Designator=X85 Old Description=di?n tr? size nh? New Description=di?n tr? size nh?
Change Component Description : Designator=X91 Old Description=di?n tr? size nh? New Description=di?n tr? size nh?
Change Component Description : Designator=X92 Old Description=di?n tr? size nh? New Description=di?n tr? size nh?
Change Component Description : Designator=X93 Old Description=di?n tr? size nh? New Description=di?n tr? size nh?
Added Component: Designator=H1(HUB_4USB)
Add component. Clean all parameters for all variants
Added Component: Designator=p1(USB_F)
Add component. Clean all parameters for all variants
Added Component: Designator=p2(USB_F)
Add component. Clean all parameters for all variants
Added Component: Designator=p3(USB_F)
Add component. Clean all parameters for all variants
Added Component: Designator=p4(USB_F)
Add component. Clean all parameters for all variants
Added Pin To Net: NetName=NetH1_5 Pin=H1-5
Added Pin To Net: NetName=NetH1_5 Pin=p1-1
Added Net: Name=NetH1_5
Added Pin To Net: NetName=NetH1_6 Pin=H1-6
Added Pin To Net: NetName=NetH1_6 Pin=p1-2
Added Net: Name=NetH1_6
Added Pin To Net: NetName=NetH1_7 Pin=H1-7
Added Pin To Net: NetName=NetH1_7 Pin=p1-3
Added Net: Name=NetH1_7
Added Pin To Net: NetName=NetH1_8 Pin=H1-8
Added Pin To Net: NetName=NetH1_8 Pin=p1-4
Added Net: Name=NetH1_8
Added Pin To Net: NetName=NetH1_9 Pin=H1-9
Added Pin To Net: NetName=NetH1_9 Pin=p2-1
Added Net: Name=NetH1_9
Added Pin To Net: NetName=NetH1_10 Pin=H1-10
Added Pin To Net: NetName=NetH1_10 Pin=p2-2
Added Net: Name=NetH1_10
Added Pin To Net: NetName=NetH1_11 Pin=H1-11
Added Pin To Net: NetName=NetH1_11 Pin=p2-3
Added Net: Name=NetH1_11
Added Pin To Net: NetName=NetH1_12 Pin=H1-12
Added Pin To Net: NetName=NetH1_12 Pin=p2-4
Added Net: Name=NetH1_12
Added Pin To Net: NetName=NetH1_13 Pin=H1-13
Added Pin To Net: NetName=NetH1_13 Pin=p3-1
Added Net: Name=NetH1_13
Added Pin To Net: NetName=NetH1_14 Pin=H1-14
Added Pin To Net: NetName=NetH1_14 Pin=p3-2
Added Net: Name=NetH1_14
Added Pin To Net: NetName=NetH1_15 Pin=H1-15
Added Pin To Net: NetName=NetH1_15 Pin=p3-3
Added Net: Name=NetH1_15
Added Pin To Net: NetName=NetH1_16 Pin=H1-16
Added Pin To Net: NetName=NetH1_16 Pin=p3-4
Added Net: Name=NetH1_16
Added Pin To Net: NetName=NetH1_17 Pin=H1-17
Added Pin To Net: NetName=NetH1_17 Pin=p4-1
Added Net: Name=NetH1_17
Added Pin To Net: NetName=NetH1_18 Pin=H1-18
Added Pin To Net: NetName=NetH1_18 Pin=p4-2
Added Net: Name=NetH1_18
Added Pin To Net: NetName=NetH1_19 Pin=H1-19
Added Pin To Net: NetName=NetH1_19 Pin=p4-3
Added Net: Name=NetH1_19
Added Pin To Net: NetName=NetH1_20 Pin=H1-20
Added Pin To Net: NetName=NetH1_20 Pin=p4-4
Added Net: Name=NetH1_20
Added Member To Class: ClassName=w47_LED_RGB_pinout Member=Component H1 hub_USB
Added Member To Class: ClassName=w47_LED_RGB_pinout Member=Component p1 USB
Added Member To Class: ClassName=w47_LED_RGB_pinout Member=Component p2 USB
Added Member To Class: ClassName=w47_LED_RGB_pinout Member=Component p3 USB
Added Member To Class: ClassName=w47_LED_RGB_pinout Member=Component p4 USB
Added Room: Name=w47_LED_RGB_pinout
