Removed Pin From Net: NetName=NetC9_4 Pin=C9-4
Removed Pin From Net: NetName=NetC11_1 Pin=C11-1
Removed Pin From Net: NetName=NetC11_2 Pin=C11-2
Removed Pin From Net: NetName=NetC11_3 Pin=C11-3
Removed Pin From Net: NetName=NetC11_4 Pin=C11-4
Removed Pin From Net: NetName=NetC9_4 Pin=CS1-5
Removed Pin From Net: NetName=NetC9_3 Pin=CS1-6
Removed Pin From Net: NetName=NetC9_2 Pin=CS1-7
Removed Pin From Net: NetName=NetC9_1 Pin=CS1-8
Removed Pin From Net: NetName=NetC10_4 Pin=CS3-13
Removed Pin From Net: NetName=NetC10_3 Pin=CS3-14
Removed Pin From Net: NetName=NetC10_2 Pin=CS3-15
Removed Pin From Net: NetName=NetC10_1 Pin=CS3-16
Removed Pin From Net: NetName=NetC11_4 Pin=CS12-3
Removed Pin From Net: NetName=NetC11_3 Pin=CS12-4
Removed Pin From Net: NetName=NetC11_2 Pin=CS12-5
Removed Pin From Net: NetName=NetC11_1 Pin=CS12-6
Removed Member From Class: ClassName=w47_LED_RGB_pinout Member=C4
Change Component Footprint: Designator=C11 Old Footprint=JP6-D1T New Footprint=JP4-C1T
Change Component Footprint: Designator=C9 Old Footprint=JP8-D1T New Footprint=JP3-C1T
Change Component Footprint: Designator=C10 Old Footprint=JP16-D1T New Footprint=JP4-C1T
Change Component Comment : Designator=C11 Old Comment=JP6 New Comment=JP4
Change Component Comment : Designator=C9 Old Comment=JP8 New Comment=JP3
Change Component Comment : Designator=C10 Old Comment=JP16 New Comment=JP4
Change component parameters: Designator = "C9"; Footprint = "JP3-C1T"; UniqueID = "\MQBVACAP"
Change component parameters. Clean all parameters for all variants
Change component parameters (AddParameter): Name = "ComponentLink1 Description"; Value = "Manufacturer"; VariantName = "[No Variations]"
Change component parameters (AddParameter): Name = "ComponentLink1URL"; Value = "http://www.we-online.com"; VariantName = "[No Variations]"
Change component parameters (AddParameter): Name = "ComponentLink2 Description"; Value = "Datasheet"; VariantName = "[No Variations]"
Change component parameters (AddParameter): Name = "ComponentLink2URL"; Value = "http://katalog.we-online.de/em/datasheet/6130xx143121.pdf"; VariantName = "[No Variations]"
Change component parameters (AddParameter): Name = "Created by"; Value = "Karrer Zheng"; VariantName = "[No Variations]"
Change component parameters (AddParameter): Name = "Created Date"; Value = "29 March 2013"; VariantName = "[No Variations]"
Change component parameters (AddParameter): Name = "Manufacturer"; Value = "W¨¹rth Elektronik eiSos GmbH"; VariantName = "[No Variations]"
Change component parameters (AddParameter): Name = "NoPins"; Value = "03"; VariantName = "[No Variations]"
Change component parameters (AddParameter): Name = "partNo"; Value = "613003143121"; VariantName = "[No Variations]"
Change component parameters: Designator = "C10"; Footprint = "JP4-C1T"; UniqueID = "\PKGSICAA"
Change component parameters. Clean all parameters for all variants
Change component parameters (AddParameter): Name = "ComponentLink1 Description"; Value = "Manufacturer"; VariantName = "[No Variations]"
Change component parameters (AddParameter): Name = "ComponentLink1URL"; Value = "http://www.we-online.com"; VariantName = "[No Variations]"
Change component parameters (AddParameter): Name = "ComponentLink2 Description"; Value = "Datasheet"; VariantName = "[No Variations]"
Change component parameters (AddParameter): Name = "ComponentLink2URL"; Value = "http://katalog.we-online.de/em/datasheet/6130xx143121.pdf"; VariantName = "[No Variations]"
Change component parameters (AddParameter): Name = "Created by"; Value = "Karrer Zheng"; VariantName = "[No Variations]"
Change component parameters (AddParameter): Name = "Created Date"; Value = "29 March 2013"; VariantName = "[No Variations]"
Change component parameters (AddParameter): Name = "Manufacturer"; Value = "W¨¹rth Elektronik eiSos GmbH"; VariantName = "[No Variations]"
Change component parameters (AddParameter): Name = "NoPins"; Value = "04"; VariantName = "[No Variations]"
Change component parameters (AddParameter): Name = "partNo"; Value = "613004143121"; VariantName = "[No Variations]"
Change component parameters: Designator = "C11"; Footprint = "JP4-C1T"; UniqueID = "\KAIAJART"
Change component parameters. Clean all parameters for all variants
Change component parameters (AddParameter): Name = "ComponentLink1 Description"; Value = "Manufacturer"; VariantName = "[No Variations]"
Change component parameters (AddParameter): Name = "ComponentLink1URL"; Value = "http://www.we-online.com"; VariantName = "[No Variations]"
Change component parameters (AddParameter): Name = "ComponentLink2 Description"; Value = "Datasheet"; VariantName = "[No Variations]"
Change component parameters (AddParameter): Name = "ComponentLink2URL"; Value = "http://katalog.we-online.de/em/datasheet/6130xx143121.pdf"; VariantName = "[No Variations]"
Change component parameters (AddParameter): Name = "Created by"; Value = "Karrer Zheng"; VariantName = "[No Variations]"
Change component parameters (AddParameter): Name = "Created Date"; Value = "29 March 2013"; VariantName = "[No Variations]"
Change component parameters (AddParameter): Name = "Manufacturer"; Value = "W¨¹rth Elektronik eiSos GmbH"; VariantName = "[No Variations]"
Change component parameters (AddParameter): Name = "NoPins"; Value = "04"; VariantName = "[No Variations]"
Change component parameters (AddParameter): Name = "partNo"; Value = "613004143121"; VariantName = "[No Variations]"
Added Component: Designator=C7(JP4-C1T)
Add component. Clean all parameters for all variants
Add component (AddParameter): Name = "ComponentLink1 Description"; Value = "Manufacturer"; VariantName = "[No Variations]"
Add component (AddParameter): Name = "ComponentLink1URL"; Value = "http://www.we-online.com"; VariantName = "[No Variations]"
Add component (AddParameter): Name = "ComponentLink2 Description"; Value = "Datasheet"; VariantName = "[No Variations]"
Add component (AddParameter): Name = "ComponentLink2URL"; Value = "http://katalog.we-online.de/em/datasheet/6130xx143121.pdf"; VariantName = "[No Variations]"
Add component (AddParameter): Name = "Created by"; Value = "Karrer Zheng"; VariantName = "[No Variations]"
Add component (AddParameter): Name = "Created Date"; Value = "29 March 2013"; VariantName = "[No Variations]"
Add component (AddParameter): Name = "Manufacturer"; Value = "W¨¹rth Elektronik eiSos GmbH"; VariantName = "[No Variations]"
Add component (AddParameter): Name = "NoPins"; Value = "04"; VariantName = "[No Variations]"
Add component (AddParameter): Name = "partNo"; Value = "613004143121"; VariantName = "[No Variations]"
Added Component: Designator=C8(JP3-C1T)
Add component. Clean all parameters for all variants
Add component (AddParameter): Name = "ComponentLink1 Description"; Value = "Manufacturer"; VariantName = "[No Variations]"
Add component (AddParameter): Name = "ComponentLink1URL"; Value = "http://www.we-online.com"; VariantName = "[No Variations]"
Add component (AddParameter): Name = "ComponentLink2 Description"; Value = "Datasheet"; VariantName = "[No Variations]"
Add component (AddParameter): Name = "ComponentLink2URL"; Value = "http://katalog.we-online.de/em/datasheet/6130xx143121.pdf"; VariantName = "[No Variations]"
Add component (AddParameter): Name = "Created by"; Value = "Karrer Zheng"; VariantName = "[No Variations]"
Add component (AddParameter): Name = "Created Date"; Value = "29 March 2013"; VariantName = "[No Variations]"
Add component (AddParameter): Name = "Manufacturer"; Value = "W¨¹rth Elektronik eiSos GmbH"; VariantName = "[No Variations]"
Add component (AddParameter): Name = "NoPins"; Value = "03"; VariantName = "[No Variations]"
Add component (AddParameter): Name = "partNo"; Value = "613003143121"; VariantName = "[No Variations]"
Added Component: Designator=C8(JP4-C1T)
Add component. Clean all parameters for all variants
Add component (AddParameter): Name = "ComponentLink1 Description"; Value = "Manufacturer"; VariantName = "[No Variations]"
Add component (AddParameter): Name = "ComponentLink1URL"; Value = "http://www.we-online.com"; VariantName = "[No Variations]"
Add component (AddParameter): Name = "ComponentLink2 Description"; Value = "Datasheet"; VariantName = "[No Variations]"
Add component (AddParameter): Name = "ComponentLink2URL"; Value = "http://katalog.we-online.de/em/datasheet/6130xx143121.pdf"; VariantName = "[No Variations]"
Add component (AddParameter): Name = "Created by"; Value = "Karrer Zheng"; VariantName = "[No Variations]"
Add component (AddParameter): Name = "Created Date"; Value = "29 March 2013"; VariantName = "[No Variations]"
Add component (AddParameter): Name = "Manufacturer"; Value = "W¨¹rth Elektronik eiSos GmbH"; VariantName = "[No Variations]"
Add component (AddParameter): Name = "NoPins"; Value = "04"; VariantName = "[No Variations]"
Add component (AddParameter): Name = "partNo"; Value = "613004143121"; VariantName = "[No Variations]"
Added Component: Designator=C9(JP4-C1T)
Add component. Clean all parameters for all variants
Add component (AddParameter): Name = "ComponentLink1 Description"; Value = "Manufacturer"; VariantName = "[No Variations]"
Add component (AddParameter): Name = "ComponentLink1URL"; Value = "http://www.we-online.com"; VariantName = "[No Variations]"
Add component (AddParameter): Name = "ComponentLink2 Description"; Value = "Datasheet"; VariantName = "[No Variations]"
Add component (AddParameter): Name = "ComponentLink2URL"; Value = "http://katalog.we-online.de/em/datasheet/6130xx143121.pdf"; VariantName = "[No Variations]"
Add component (AddParameter): Name = "Created by"; Value = "Karrer Zheng"; VariantName = "[No Variations]"
Add component (AddParameter): Name = "Created Date"; Value = "29 March 2013"; VariantName = "[No Variations]"
Add component (AddParameter): Name = "Manufacturer"; Value = "W¨¹rth Elektronik eiSos GmbH"; VariantName = "[No Variations]"
Add component (AddParameter): Name = "NoPins"; Value = "04"; VariantName = "[No Variations]"
Add component (AddParameter): Name = "partNo"; Value = "613004143121"; VariantName = "[No Variations]"
Added Component: Designator=C11(JP4-C1T)
Add component. Clean all parameters for all variants
Add component (AddParameter): Name = "ComponentLink1 Description"; Value = "Manufacturer"; VariantName = "[No Variations]"
Add component (AddParameter): Name = "ComponentLink1URL"; Value = "http://www.we-online.com"; VariantName = "[No Variations]"
Add component (AddParameter): Name = "ComponentLink2 Description"; Value = "Datasheet"; VariantName = "[No Variations]"
Add component (AddParameter): Name = "ComponentLink2URL"; Value = "http://katalog.we-online.de/em/datasheet/6130xx143121.pdf"; VariantName = "[No Variations]"
Add component (AddParameter): Name = "Created by"; Value = "Karrer Zheng"; VariantName = "[No Variations]"
Add component (AddParameter): Name = "Created Date"; Value = "29 March 2013"; VariantName = "[No Variations]"
Add component (AddParameter): Name = "Manufacturer"; Value = "W¨¹rth Elektronik eiSos GmbH"; VariantName = "[No Variations]"
Add component (AddParameter): Name = "NoPins"; Value = "04"; VariantName = "[No Variations]"
Add component (AddParameter): Name = "partNo"; Value = "613004143121"; VariantName = "[No Variations]"
Added Component: Designator=C12(JP4-C1T)
Add component. Clean all parameters for all variants
Add component (AddParameter): Name = "ComponentLink1 Description"; Value = "Manufacturer"; VariantName = "[No Variations]"
Add component (AddParameter): Name = "ComponentLink1URL"; Value = "http://www.we-online.com"; VariantName = "[No Variations]"
Add component (AddParameter): Name = "ComponentLink2 Description"; Value = "Datasheet"; VariantName = "[No Variations]"
Add component (AddParameter): Name = "ComponentLink2URL"; Value = "http://katalog.we-online.de/em/datasheet/6130xx143121.pdf"; VariantName = "[No Variations]"
Add component (AddParameter): Name = "Created by"; Value = "Karrer Zheng"; VariantName = "[No Variations]"
Add component (AddParameter): Name = "Created Date"; Value = "29 March 2013"; VariantName = "[No Variations]"
Add component (AddParameter): Name = "Manufacturer"; Value = "W¨¹rth Elektronik eiSos GmbH"; VariantName = "[No Variations]"
Add component (AddParameter): Name = "NoPins"; Value = "04"; VariantName = "[No Variations]"
Add component (AddParameter): Name = "partNo"; Value = "613004143121"; VariantName = "[No Variations]"
Added Component: Designator=C12(JP4-C1T)
Add component. Clean all parameters for all variants
Add component (AddParameter): Name = "ComponentLink1 Description"; Value = "Manufacturer"; VariantName = "[No Variations]"
Add component (AddParameter): Name = "ComponentLink1URL"; Value = "http://www.we-online.com"; VariantName = "[No Variations]"
Add component (AddParameter): Name = "ComponentLink2 Description"; Value = "Datasheet"; VariantName = "[No Variations]"
Add component (AddParameter): Name = "ComponentLink2URL"; Value = "http://katalog.we-online.de/em/datasheet/6130xx143121.pdf"; VariantName = "[No Variations]"
Add component (AddParameter): Name = "Created by"; Value = "Karrer Zheng"; VariantName = "[No Variations]"
Add component (AddParameter): Name = "Created Date"; Value = "29 March 2013"; VariantName = "[No Variations]"
Add component (AddParameter): Name = "Manufacturer"; Value = "W¨¹rth Elektronik eiSos GmbH"; VariantName = "[No Variations]"
Add component (AddParameter): Name = "NoPins"; Value = "04"; VariantName = "[No Variations]"
Add component (AddParameter): Name = "partNo"; Value = "613004143121"; VariantName = "[No Variations]"
Added Component: Designator=C13(JP4-C1T)
Add component. Clean all parameters for all variants
Add component (AddParameter): Name = "ComponentLink1 Description"; Value = "Manufacturer"; VariantName = "[No Variations]"
Add component (AddParameter): Name = "ComponentLink1URL"; Value = "http://www.we-online.com"; VariantName = "[No Variations]"
Add component (AddParameter): Name = "ComponentLink2 Description"; Value = "Datasheet"; VariantName = "[No Variations]"
Add component (AddParameter): Name = "ComponentLink2URL"; Value = "http://katalog.we-online.de/em/datasheet/6130xx143121.pdf"; VariantName = "[No Variations]"
Add component (AddParameter): Name = "Created by"; Value = "Karrer Zheng"; VariantName = "[No Variations]"
Add component (AddParameter): Name = "Created Date"; Value = "29 March 2013"; VariantName = "[No Variations]"
Add component (AddParameter): Name = "Manufacturer"; Value = "W¨¹rth Elektronik eiSos GmbH"; VariantName = "[No Variations]"
Add component (AddParameter): Name = "NoPins"; Value = "04"; VariantName = "[No Variations]"
Add component (AddParameter): Name = "partNo"; Value = "613004143121"; VariantName = "[No Variations]"
Added Pin To Net: NetName=NetC9_4 Pin=C9-4
Added Pin To Net: NetName=NetC11_1 Pin=C11-1
Added Pin To Net: NetName=NetC11_2 Pin=C11-2
Added Pin To Net: NetName=NetC11_3 Pin=C11-3
Added Pin To Net: NetName=NetC11_4 Pin=C11-4
Added Pin To Net: NetName=NetC9_4 Pin=CS3-1
Added Pin To Net: NetName=NetC10_4 Pin=CS3-5
Added Pin To Net: NetName=NetC10_3 Pin=CS3-6
Added Pin To Net: NetName=NetC10_2 Pin=CS3-7
Added Pin To Net: NetName=NetC10_1 Pin=CS3-8
Added Pin To Net: NetName=NetC11_4 Pin=CS3-9
Added Pin To Net: NetName=NetC11_3 Pin=CS3-10
Added Pin To Net: NetName=NetC11_2 Pin=CS3-11
Added Pin To Net: NetName=NetC11_1 Pin=CS3-12
Added Pin To Net: NetName=NetC9_3 Pin=CS12-4
Added Pin To Net: NetName=NetC9_2 Pin=CS12-5
Added Pin To Net: NetName=NetC9_1 Pin=CS12-6
Added Pin To Net: NetName=NetC7_4 Pin=C7-4
Added Pin To Net: NetName=NetC7_4 Pin=CS1-1
Added Net: Name=NetC7_4
Added Pin To Net: NetName=NetC13_1 Pin=C13-1
Added Pin To Net: NetName=NetC13_1 Pin=CS7-12
Added Net: Name=NetC13_1
Added Pin To Net: NetName=NetC13_2 Pin=C13-2
Added Pin To Net: NetName=NetC13_2 Pin=CS7-11
Added Net: Name=NetC13_2
Added Pin To Net: NetName=NetC13_3 Pin=C13-3
Added Pin To Net: NetName=NetC13_3 Pin=CS7-10
Added Net: Name=NetC13_3
Added Pin To Net: NetName=NetC13_4 Pin=C13-4
Added Pin To Net: NetName=NetC13_4 Pin=CS7-9
Added Net: Name=NetC13_4
Added Member To Class: ClassName=w47_LED_RGB_pinout Member=Component C7 JP4
Added Member To Class: ClassName=w47_LED_RGB_pinout Member=Component C8 JP4
Added Member To Class: ClassName=w47_LED_RGB_pinout Member=Component C8 JP4
Added Member To Class: ClassName=w47_LED_RGB_pinout Member=Component C9 JP3
Added Member To Class: ClassName=w47_LED_RGB_pinout Member=Component C11 JP4
Added Member To Class: ClassName=w47_LED_RGB_pinout Member=Component C12 JP4
Added Member To Class: ClassName=w47_LED_RGB_pinout Member=Component C12 JP4
Added Member To Class: ClassName=w47_LED_RGB_pinout Member=Component C13 JP4
Added Member To Class: ClassName=w47_LED_RGB_pinout Member=Component CS11 QTouch Button
Added Member To Class: ClassName=w47_LED_RGB_pinout Member=Component CS12 QMatrix Button
Added Member To Class: ClassName=w47_LED_RGB_pinout Member=Component CS12 QTouch Button
