Removed Pin From Net: NetName=BLUE Pin=C1-1
Removed Pin From Net: NetName=+5V Pin=C1-2
Removed Pin From Net: NetName=VCAP Pin=C1-3
Removed Pin From Net: NetName=GND Pin=C1-4
Removed Pin From Net: NetName=CHUC Pin=C1-5
Removed Pin From Net: NetName=DONVI Pin=C1-6
Removed Pin From Net: NetName=NRST Pin=C1-7
Removed Pin From Net: NetName=PD6 Pin=C1-8
Removed Pin From Net: NetName=PD5 Pin=C1-9
Removed Pin From Net: NetName=PD4 Pin=C1-10
Removed Pin From Net: NetName=OK Pin=DB5-2
Removed Pin From Net: NetName=GND Pin=LCD1-1
Removed Pin From Net: NetName=+5V Pin=LCD1-2
Removed Pin From Net: NetName=GND Pin=LCD1-5
Removed Pin From Net: NetName=+5V Pin=LCD1-15
Removed Pin From Net: NetName=GND Pin=LCD1-16
Removed Pin From Net: NetName=+5V Pin=R6-2
Removed Pin From Net: NetName=+5V Pin=RV1-1
Removed Pin From Net: NetName=GND Pin=RV1-3
Removed Member From Class: ClassName=w32_dmx512-slaver_Schematic Member=DB5
Removed Member From Class: ClassName=w32_dmx512-slaver_Schematic Member=R6
Removed Member From Class: ClassName=w32_dmx512-slaver_Schematic Member=RV1
Change Component Designator: OldDesignator=PWR NewDesignator=LED1
Change component parameters: Designator = "C3"; Footprint = "CN150"; UniqueID = "\MQTFLLTQ"
Change component parameters. Clean all parameters for all variants
Change component parameters (AddParameter): Name = "Value"; Value = "100nF"; VariantName = "[No Variations]"
Change component parameters: Designator = "C5"; Footprint = "CN150"; UniqueID = "\FFRYPHIY"
Change component parameters. Clean all parameters for all variants
Change component parameters (AddParameter): Name = "Value"; Value = "100nF"; VariantName = "[No Variations]"
Change component parameters: Designator = "C8"; Footprint = "CN150"; UniqueID = "\MLFPMPTS"
Change component parameters. Clean all parameters for all variants
Change component parameters (AddParameter): Name = "Value"; Value = "104"; VariantName = "[No Variations]"
Change component parameters: Designator = "C9"; Footprint = "CN150"; UniqueID = "\KMICIJXJ"
Change component parameters. Clean all parameters for all variants
Change component parameters (AddParameter): Name = "Value"; Value = "104"; VariantName = "[No Variations]"
Change component parameters: Designator = "D1"; Footprint = "D2A"; UniqueID = "\PPHHTLNH"
Change component parameters. Clean all parameters for all variants
Change component parameters (AddParameter): Name = "Value"; Value = "1N4007"; VariantName = "[No Variations]"
Change component parameters: Designator = "JDC"; Footprint = "DC-IN"; UniqueID = "\RSDMJQHJ"
Change component parameters. Clean all parameters for all variants
Change component parameters (AddParameter): Name = "Value"; Value = "Jac DC"; VariantName = "[No Variations]"
Change component parameters: Designator = "LED1"; Footprint = "LED-RED-0805"; UniqueID = "\IIVHEBWK"
Change component parameters. Clean all parameters for all variants
Change component parameters (AddParameter): Name = "Value"; Value = "LED 3 - 5 ly 2 Colour"; VariantName = "[No Variations]"
Change component parameters: Designator = "CHUC"; Footprint = "SW-SMD"; UniqueID = "\AKNARXNA"
Change component parameters. Clean all parameters for all variants
Change component parameters (AddParameter): Name = "LatestRevisionDate"; Value = "17-Jul-2002"; VariantName = "[No Variations]"
Change component parameters (AddParameter): Name = "LatestRevisionNote"; Value = "Re-released for DXP Platform."; VariantName = "[No Variations]"
Change component parameters (AddParameter): Name = "PackageReference"; Value = "SPST-2"; VariantName = "[No Variations]"
Change component parameters (AddParameter): Name = "Published"; Value = "24-Mar-1999"; VariantName = "[No Variations]"
Change component parameters (AddParameter): Name = "Publisher"; Value = "Altium Limited"; VariantName = "[No Variations]"
Change component parameters: Designator = "DONVI"; Footprint = "SW-SMD"; UniqueID = "\TTBSSTAO"
Change component parameters. Clean all parameters for all variants
Change component parameters (AddParameter): Name = "LatestRevisionDate"; Value = "17-Jul-2002"; VariantName = "[No Variations]"
Change component parameters (AddParameter): Name = "LatestRevisionNote"; Value = "Re-released for DXP Platform."; VariantName = "[No Variations]"
Change component parameters (AddParameter): Name = "PackageReference"; Value = "SPST-2"; VariantName = "[No Variations]"
Change component parameters (AddParameter): Name = "Published"; Value = "24-Mar-1999"; VariantName = "[No Variations]"
Change component parameters (AddParameter): Name = "Publisher"; Value = "Altium Limited"; VariantName = "[No Variations]"
Change component parameters: Designator = "OK"; Footprint = "SW-SMD"; UniqueID = "\WGMINMQH"
Change component parameters. Clean all parameters for all variants
Change component parameters (AddParameter): Name = "LatestRevisionDate"; Value = "17-Jul-2002"; VariantName = "[No Variations]"
Change component parameters (AddParameter): Name = "LatestRevisionNote"; Value = "Re-released for DXP Platform."; VariantName = "[No Variations]"
Change component parameters (AddParameter): Name = "PackageReference"; Value = "SPST-2"; VariantName = "[No Variations]"
Change component parameters (AddParameter): Name = "Published"; Value = "24-Mar-1999"; VariantName = "[No Variations]"
Change component parameters (AddParameter): Name = "Publisher"; Value = "Altium Limited"; VariantName = "[No Variations]"
Change component parameters: Designator = "S1"; Footprint = "SW-SMD"; UniqueID = "\NYPUJJGM"
Change component parameters. Clean all parameters for all variants
Change component parameters (AddParameter): Name = "LatestRevisionDate"; Value = "17-Jul-2002"; VariantName = "[No Variations]"
Change component parameters (AddParameter): Name = "LatestRevisionNote"; Value = "Re-released for DXP Platform."; VariantName = "[No Variations]"
Change component parameters (AddParameter): Name = "PackageReference"; Value = "SPST-2"; VariantName = "[No Variations]"
Change component parameters (AddParameter): Name = "Published"; Value = "24-Mar-1999"; VariantName = "[No Variations]"
Change component parameters (AddParameter): Name = "Publisher"; Value = "Altium Limited"; VariantName = "[No Variations]"
Change component parameters: Designator = "TRAM"; Footprint = "SW-SMD"; UniqueID = "\QOHNLCQH"
Change component parameters. Clean all parameters for all variants
Change component parameters (AddParameter): Name = "LatestRevisionDate"; Value = "17-Jul-2002"; VariantName = "[No Variations]"
Change component parameters (AddParameter): Name = "LatestRevisionNote"; Value = "Re-released for DXP Platform."; VariantName = "[No Variations]"
Change component parameters (AddParameter): Name = "PackageReference"; Value = "SPST-2"; VariantName = "[No Variations]"
Change component parameters (AddParameter): Name = "Published"; Value = "24-Mar-1999"; VariantName = "[No Variations]"
Change component parameters (AddParameter): Name = "Publisher"; Value = "Altium Limited"; VariantName = "[No Variations]"
Change component parameters: Designator = "R1"; Footprint = "DIEN TRO 1/4 W"; UniqueID = "\YVWCAUHY"
Change component parameters. Clean all parameters for all variants
Change component parameters (AddParameter): Name = "LatestRevisionDate"; Value = "17-Jul-2002"; VariantName = "[No Variations]"
Change component parameters (AddParameter): Name = "LatestRevisionNote"; Value = "Re-released for DXP Platform."; VariantName = "[No Variations]"
Change component parameters (AddParameter): Name = "PackageReference"; Value = "AXIAL-0.4"; VariantName = "[No Variations]"
Change component parameters (AddParameter): Name = "Published"; Value = "8-Jun-2000"; VariantName = "[No Variations]"
Change component parameters (AddParameter): Name = "Publisher"; Value = "Altium Limited"; VariantName = "[No Variations]"
Change component parameters (AddParameter): Name = "Value"; Value = "470"; VariantName = "[No Variations]"
Change component parameters: Designator = "R2"; Footprint = "DIEN TRO 1/4 W"; UniqueID = "\YUBRGBYW"
Change component parameters. Clean all parameters for all variants
Change component parameters (AddParameter): Name = "LatestRevisionDate"; Value = "17-Jul-2002"; VariantName = "[No Variations]"
Change component parameters (AddParameter): Name = "LatestRevisionNote"; Value = "Re-released for DXP Platform."; VariantName = "[No Variations]"
Change component parameters (AddParameter): Name = "PackageReference"; Value = "AXIAL-0.4"; VariantName = "[No Variations]"
Change component parameters (AddParameter): Name = "Published"; Value = "8-Jun-2000"; VariantName = "[No Variations]"
Change component parameters (AddParameter): Name = "Publisher"; Value = "Altium Limited"; VariantName = "[No Variations]"
Change component parameters (AddParameter): Name = "Value"; Value = "1k"; VariantName = "[No Variations]"
Change component parameters: Designator = "R3"; Footprint = "DIEN TRO 1/4 W"; UniqueID = "\OWPDLTYO"
Change component parameters. Clean all parameters for all variants
Change component parameters (AddParameter): Name = "LatestRevisionDate"; Value = "17-Jul-2002"; VariantName = "[No Variations]"
Change component parameters (AddParameter): Name = "LatestRevisionNote"; Value = "Re-released for DXP Platform."; VariantName = "[No Variations]"
Change component parameters (AddParameter): Name = "PackageReference"; Value = "AXIAL-0.4"; VariantName = "[No Variations]"
Change component parameters (AddParameter): Name = "Published"; Value = "8-Jun-2000"; VariantName = "[No Variations]"
Change component parameters (AddParameter): Name = "Publisher"; Value = "Altium Limited"; VariantName = "[No Variations]"
Change component parameters (AddParameter): Name = "Value"; Value = "1k"; VariantName = "[No Variations]"
Change component parameters: Designator = "R4"; Footprint = "DIEN TRO 1/4 W"; UniqueID = "\NPJQSKBC"
Change component parameters. Clean all parameters for all variants
Change component parameters (AddParameter): Name = "LatestRevisionDate"; Value = "17-Jul-2002"; VariantName = "[No Variations]"
Change component parameters (AddParameter): Name = "LatestRevisionNote"; Value = "Re-released for DXP Platform."; VariantName = "[No Variations]"
Change component parameters (AddParameter): Name = "PackageReference"; Value = "AXIAL-0.4"; VariantName = "[No Variations]"
Change component parameters (AddParameter): Name = "Published"; Value = "8-Jun-2000"; VariantName = "[No Variations]"
Change component parameters (AddParameter): Name = "Publisher"; Value = "Altium Limited"; VariantName = "[No Variations]"
Change component parameters (AddParameter): Name = "Value"; Value = "1k"; VariantName = "[No Variations]"
Change component parameters: Designator = "R5"; Footprint = "DIEN TRO 1/4 W"; UniqueID = "\BRCJHUCD"
Change component parameters. Clean all parameters for all variants
Change component parameters (AddParameter): Name = "LatestRevisionDate"; Value = "17-Jul-2002"; VariantName = "[No Variations]"
Change component parameters (AddParameter): Name = "LatestRevisionNote"; Value = "Re-released for DXP Platform."; VariantName = "[No Variations]"
Change component parameters (AddParameter): Name = "PackageReference"; Value = "AXIAL-0.4"; VariantName = "[No Variations]"
Change component parameters (AddParameter): Name = "Published"; Value = "8-Jun-2000"; VariantName = "[No Variations]"
Change component parameters (AddParameter): Name = "Publisher"; Value = "Altium Limited"; VariantName = "[No Variations]"
Change component parameters (AddParameter): Name = "Value"; Value = "470"; VariantName = "[No Variations]"
Change component parameters: Designator = "R7"; Footprint = "DIEN TRO 1/4 W"; UniqueID = "\LBRQHEWU"
Change component parameters. Clean all parameters for all variants
Change component parameters (AddParameter): Name = "LatestRevisionDate"; Value = "17-Jul-2002"; VariantName = "[No Variations]"
Change component parameters (AddParameter): Name = "LatestRevisionNote"; Value = "Re-released for DXP Platform."; VariantName = "[No Variations]"
Change component parameters (AddParameter): Name = "PackageReference"; Value = "AXIAL-0.4"; VariantName = "[No Variations]"
Change component parameters (AddParameter): Name = "Published"; Value = "8-Jun-2000"; VariantName = "[No Variations]"
Change component parameters (AddParameter): Name = "Publisher"; Value = "Altium Limited"; VariantName = "[No Variations]"
Change component parameters (AddParameter): Name = "Value"; Value = "1k"; VariantName = "[No Variations]"
Change component parameters: Designator = "R8"; Footprint = "DIEN TRO 1/4 W"; UniqueID = "\CNTPNFGF"
Change component parameters. Clean all parameters for all variants
Change component parameters (AddParameter): Name = "LatestRevisionDate"; Value = "17-Jul-2002"; VariantName = "[No Variations]"
Change component parameters (AddParameter): Name = "LatestRevisionNote"; Value = "Re-released for DXP Platform."; VariantName = "[No Variations]"
Change component parameters (AddParameter): Name = "PackageReference"; Value = "AXIAL-0.4"; VariantName = "[No Variations]"
Change component parameters (AddParameter): Name = "Published"; Value = "8-Jun-2000"; VariantName = "[No Variations]"
Change component parameters (AddParameter): Name = "Publisher"; Value = "Altium Limited"; VariantName = "[No Variations]"
Change component parameters (AddParameter): Name = "Value"; Value = "1k"; VariantName = "[No Variations]"
Change component parameters: Designator = "R9"; Footprint = "DIEN TRO 1/4 W"; UniqueID = "\DCGLCASA"
Change component parameters. Clean all parameters for all variants
Change component parameters (AddParameter): Name = "LatestRevisionDate"; Value = "17-Jul-2002"; VariantName = "[No Variations]"
Change component parameters (AddParameter): Name = "LatestRevisionNote"; Value = "Re-released for DXP Platform."; VariantName = "[No Variations]"
Change component parameters (AddParameter): Name = "PackageReference"; Value = "AXIAL-0.4"; VariantName = "[No Variations]"
Change component parameters (AddParameter): Name = "Published"; Value = "8-Jun-2000"; VariantName = "[No Variations]"
Change component parameters (AddParameter): Name = "Publisher"; Value = "Altium Limited"; VariantName = "[No Variations]"
Change component parameters (AddParameter): Name = "Value"; Value = "120"; VariantName = "[No Variations]"
Change component parameters: Designator = "C6"; Footprint = "CP2/5"; UniqueID = "\MCILCGRN"
Change component parameters. Clean all parameters for all variants
Change component parameters (AddParameter): Name = "LatestRevisionDate"; Value = "17-Jul-2002"; VariantName = "[No Variations]"
Change component parameters (AddParameter): Name = "LatestRevisionNote"; Value = "Re-released for DXP Platform."; VariantName = "[No Variations]"
Change component parameters (AddParameter): Name = "PackageReference"; Value = "C0805"; VariantName = "[No Variations]"
Change component parameters (AddParameter): Name = "Publisher"; Value = "Altium Limited"; VariantName = "[No Variations]"
Change component parameters (AddParameter): Name = "Value"; Value = "100uF/35V"; VariantName = "[No Variations]"
Change component parameters (AddParameter ignored because duplicated): Name = "VALUE"; Value = "C?"; VariantName = "[No Variations]"
Change component parameters: Designator = "C7"; Footprint = "CP2/5"; UniqueID = "\NTLBPVNE"
Change component parameters. Clean all parameters for all variants
Change component parameters (AddParameter): Name = "LatestRevisionDate"; Value = "17-Jul-2002"; VariantName = "[No Variations]"
Change component parameters (AddParameter): Name = "LatestRevisionNote"; Value = "Re-released for DXP Platform."; VariantName = "[No Variations]"
Change component parameters (AddParameter): Name = "PackageReference"; Value = "C0805"; VariantName = "[No Variations]"
Change component parameters (AddParameter): Name = "Publisher"; Value = "Altium Limited"; VariantName = "[No Variations]"
Change component parameters (AddParameter): Name = "Value"; Value = "100uF/35V"; VariantName = "[No Variations]"
Change component parameters (AddParameter ignored because duplicated): Name = "VALUE"; Value = "C?"; VariantName = "[No Variations]"
Change component parameters: Designator = "C10"; Footprint = "CP2/5"; UniqueID = "\FBJMLTDG"
Change component parameters. Clean all parameters for all variants
Change component parameters (AddParameter): Name = "LatestRevisionDate"; Value = "17-Jul-2002"; VariantName = "[No Variations]"
Change component parameters (AddParameter): Name = "LatestRevisionNote"; Value = "Re-released for DXP Platform."; VariantName = "[No Variations]"
Change component parameters (AddParameter): Name = "PackageReference"; Value = "C0805"; VariantName = "[No Variations]"
Change component parameters (AddParameter): Name = "Publisher"; Value = "Altium Limited"; VariantName = "[No Variations]"
Change component parameters (AddParameter): Name = "Value"; Value = "33uF/35V"; VariantName = "[No Variations]"
Change component parameters (AddParameter ignored because duplicated): Name = "VALUE"; Value = "C?"; VariantName = "[No Variations]"
Change component parameters: Designator = "6N137"; Footprint = "DIP762W50P254L977H451Q8"; UniqueID = "\CWTHJKNL"
Change component parameters. Clean all parameters for all variants
Change component parameters (AddParameter): Name = "Availability"; Value = "Warning"; VariantName = "[No Variations]"
Change component parameters (AddParameter): Name = "MF"; Value = "Vishay Semiconductor"; VariantName = "[No Variations]"
Change component parameters (AddParameter): Name = "MP"; Value = "6N137"; VariantName = "[No Variations]"
Change component parameters (AddParameter): Name = "Package"; Value = "DIP-8 Broadcom"; VariantName = "[No Variations]"
Change component parameters (AddParameter): Name = "Price"; Value = "1.38 USD"; VariantName = "[No Variations]"
Change component parameters (AddParameter): Name = "SnapEDA_Link"; Value = "https://www.snapeda.com/symbols-footprints/6N137/Vishay%20Semiconductor%20Opto%20Division/view-part/?ref=snap"; VariantName = "[No Variations]"
Change component parameters (AddParameter): Name = "Value"; Value = ""; VariantName = "[No Variations]"
Change component parameters: Designator = "0505"; Footprint = "SIP600W25P254L1960H1020Q4P"; UniqueID = "\NXIEBIXJ"
Change component parameters. Clean all parameters for all variants
Change component parameters (AddParameter): Name = "Availability"; Value = "Good"; VariantName = "[No Variations]"
Change component parameters (AddParameter): Name = "MF"; Value = "Recom Power"; VariantName = "[No Variations]"
Change component parameters (AddParameter): Name = "MP"; Value = "REE-0505S"; VariantName = "[No Variations]"
Change component parameters (AddParameter): Name = "Package"; Value = "SIP-6 Recom Power"; VariantName = "[No Variations]"
Change component parameters (AddParameter): Name = "Price"; Value = "2.48 USD"; VariantName = "[No Variations]"
Change component parameters (AddParameter): Name = "SnapEDA_Link"; Value = "https://www.snapeda.com/symbols-footprints/REE-0505S/Recom%20Power/view-part/?ref=snap"; VariantName = "[No Variations]"
Change component parameters (AddParameter): Name = "Value"; Value = ""; VariantName = "[No Variations]"
Change component parameters: Designator = "CN1"; Footprint = "NC3FBH1"; UniqueID = "\BEEJBGMU"
Change component parameters. Clean all parameters for all variants
Change component parameters (AddParameter): Name = "Availability"; Value = "Good"; VariantName = "[No Variations]"
Change component parameters (AddParameter): Name = "MF"; Value = "Neutrik"; VariantName = "[No Variations]"
Change component parameters (AddParameter): Name = "MP"; Value = "NC3FBH1"; VariantName = "[No Variations]"
Change component parameters (AddParameter): Name = "Package"; Value = "None"; VariantName = "[No Variations]"
Change component parameters (AddParameter): Name = "Price"; Value = "2.36 USD"; VariantName = "[No Variations]"
Change component parameters (AddParameter): Name = "SnapEDA_Link"; Value = "https://www.snapeda.com/symbols-footprints/NC3FBH1/Neutrik/view-part/?ref=snap"; VariantName = "[No Variations]"
Change component parameters (AddParameter): Name = "Value"; Value = ""; VariantName = "[No Variations]"
Change component parameters: Designator = "CN2"; Footprint = "NC3MBH_NC3MBH(Primary)"; UniqueID = "\UMARCREY"
Change component parameters. Clean all parameters for all variants
Change component parameters (AddParameter): Name = "Availability"; Value = "Good"; VariantName = "[No Variations]"
Change component parameters (AddParameter): Name = "MF"; Value = "Neutrik"; VariantName = "[No Variations]"
Change component parameters (AddParameter): Name = "MP"; Value = "NC3MBH"; VariantName = "[No Variations]"
Change component parameters (AddParameter): Name = "Package"; Value = "None"; VariantName = "[No Variations]"
Change component parameters (AddParameter): Name = "Price"; Value = "2.21 USD"; VariantName = "[No Variations]"
Change component parameters (AddParameter): Name = "SnapEDA_Link"; Value = "https://www.snapeda.com/symbols-footprints/NC3MBH/Neutrik/view-part/?ref=snap"; VariantName = "[No Variations]"
Change component parameters (AddParameter): Name = "Value"; Value = ""; VariantName = "[No Variations]"
Change component parameters: Designator = "IC2"; Footprint = "TSSOP20"; UniqueID = "\KTEBKHXX"
Change component parameters. Clean all parameters for all variants
Change component parameters (AddParameter): Name = "Availability"; Value = "Bad"; VariantName = "[No Variations]"
Change component parameters (AddParameter): Name = "MF"; Value = "STMicroelectronics"; VariantName = "[No Variations]"
Change component parameters (AddParameter): Name = "MP"; Value = "STM8S003F3P6"; VariantName = "[No Variations]"
Change component parameters (AddParameter): Name = "Package"; Value = "TSSOP-20 STMicroelectronics"; VariantName = "[No Variations]"
Change component parameters (AddParameter): Name = "Price"; Value = "0.58 USD"; VariantName = "[No Variations]"
Change component parameters (AddParameter): Name = "SnapEDA_Link"; Value = "https://www.snapeda.com/symbols-footprints/STM8S003F3P6/STMicroelectronics/view-part/?ref=snap"; VariantName = "[No Variations]"
Change component parameters (AddParameter): Name = "Value"; Value = ""; VariantName = "[No Variations]"
Change component parameters: Designator = "MAX481"; Footprint = "21-0043D_8"; UniqueID = "\HMKOVINR"
Change component parameters. Clean all parameters for all variants
Change component parameters (AddParameter): Name = "Availability"; Value = "Warning"; VariantName = "[No Variations]"
Change component parameters (AddParameter): Name = "MF"; Value = "Maxim Integrated"; VariantName = "[No Variations]"
Change component parameters (AddParameter): Name = "MP"; Value = "MAX481CPA"; VariantName = "[No Variations]"
Change component parameters (AddParameter): Name = "Package"; Value = "DIP-8 Maxim Integrated"; VariantName = "[No Variations]"
Change component parameters (AddParameter): Name = "Price"; Value = "1.85 USD"; VariantName = "[No Variations]"
Change component parameters (AddParameter): Name = "SnapEDA_Link"; Value = "https://www.snapeda.com/symbols-footprints/MAX481CPA/Maxim%20Integrated/view-part/?ref=snap"; VariantName = "[No Variations]"
Change component parameters (AddParameter): Name = "Value"; Value = ""; VariantName = "[No Variations]"
Change component parameters: Designator = "LED3"; Footprint = "LED RGB 5050"; UniqueID = "\XECIKTUK"
Change component parameters. Clean all parameters for all variants
Change component parameters (AddParameter): Name = "Color"; Value = "Red & Green & Blue"; VariantName = "[No Variations]"
Change component parameters (AddParameter): Name = "ComponentLink1Description"; Value = "Manufacturer"; VariantName = "[No Variations]"
Change component parameters (AddParameter): Name = "ComponentLink1URL"; Value = "http://www.we-online.de"; VariantName = "[No Variations]"
Change component parameters (AddParameter): Name = "ComponentLink2Description"; Value = "Datasheet"; VariantName = "[No Variations]"
Change component parameters (AddParameter): Name = "ComponentLink2URL"; Value = "http://katalog.we-online.com/led/datasheet/150141M173100.pdf"; VariantName = "[No Variations]"
Change component parameters (AddParameter): Name = "Created by"; Value = "Christin Otto"; VariantName = "[No Variations]"
Change component parameters (AddParameter): Name = "Created Date"; Value = "June 2013"; VariantName = "[No Variations]"
Change component parameters (AddParameter): Name = "Manufacturer"; Value = "Würth Elektronik eiSos GmbH"; VariantName = "[No Variations]"
Change component parameters (AddParameter): Name = "PartNo"; Value = "150141M173100"; VariantName = "[No Variations]"
Added Component: Designator=JP1(J4-D1T)
Add component. Clean all parameters for all variants
Add component (AddParameter): Name = "ComponentLink1 Description"; Value = "Manufacturer"; VariantName = "[No Variations]"
Add component (AddParameter): Name = "ComponentLink1URL"; Value = "http://www.we-online.com"; VariantName = "[No Variations]"
Add component (AddParameter): Name = "ComponentLink2 Description"; Value = "Datasheet"; VariantName = "[No Variations]"
Add component (AddParameter): Name = "ComponentLink2URL"; Value = "http://katalog.we-online.de/em/datasheet/6200xx11821.pdf"; VariantName = "[No Variations]"
Add component (AddParameter): Name = "Created by"; Value = "Karrer Zheng"; VariantName = "[No Variations]"
Add component (AddParameter): Name = "Created Date"; Value = "2 April 2013"; VariantName = "[No Variations]"
Add component (AddParameter): Name = "Manufacturer"; Value = "W¨¹rth Elektronik eiSos GmbH"; VariantName = "[No Variations]"
Add component (AddParameter): Name = "NoPins"; Value = "04"; VariantName = "[No Variations]"
Add component (AddParameter): Name = "partNo"; Value = "62000411821"; VariantName = "[No Variations]"
Added Pin To Net: NetName=NRST Pin=JP1-1
Added Pin To Net: NetName=GND Pin=JP1-2
Added Pin To Net: NetName=+5V Pin=JP1-4
Added Pin To Net: NetName=PC3 Pin=IC2-13
Added Net: Name=PC3
Added Pin To Net: NetName=PC4 Pin=IC2-14
Added Net: Name=PC4
Added Pin To Net: NetName=PC5 Pin=IC2-15
Added Net: Name=PC5
Added Pin To Net: NetName=PC6 Pin=IC2-16
Added Net: Name=PC6
Added Pin To Net: NetName=PC7 Pin=IC2-17
Added Net: Name=PC7
Added Pin To Net: NetName=PD2 Pin=IC2-19
Added Pin To Net: NetName=PD2 Pin=JP1-3
Added Net: Name=PD2
Added Member To Class: ClassName=w32_dmx512-slaver_Schematic Member=Component JP1 JP4x1-2.0
Added Room: Name=w32_dmx512-slaver_Schematic
