Removed Pin From Net: NetName=NetLED3_1 Pin=R2-1
Removed Pin From Net: NetName=+5V Pin=R2-2
Removed Pin From Net: NetName=NetLED3_2 Pin=R3-1
Removed Pin From Net: NetName=+5V Pin=R3-2
Removed Pin From Net: NetName=NetLED3_3 Pin=R4-1
Removed Pin From Net: NetName=+5V Pin=R4-2
Removed Member From Class: ClassName=w32_dmx512-slaver_Schematic Member=R2
Removed Member From Class: ClassName=w32_dmx512-slaver_Schematic Member=R3
Removed Member From Class: ClassName=w32_dmx512-slaver_Schematic Member=R4
Added Component: Designator=R9(DIEN TRO 1/4 W)
Added Component: Designator=R10(DIEN TRO 1/4 W)
Added Component: Designator=R11(DIEN TRO 1/4 W)
Added Pin To Net: NetName=+5V Pin=R9-1
Added Pin To Net: NetName=NetLED3_3 Pin=R9-2
Added Pin To Net: NetName=+5V Pin=R10-1
Added Pin To Net: NetName=NetLED3_2 Pin=R10-2
Added Pin To Net: NetName=+5V Pin=R11-1
Added Pin To Net: NetName=NetLED3_1 Pin=R11-2
Added Member To Class: ClassName=w32_dmx512-slaver_Schematic Member=Component R9 R0.4W
Added Member To Class: ClassName=w32_dmx512-slaver_Schematic Member=Component R10 R0.4W
Added Member To Class: ClassName=w32_dmx512-slaver_Schematic Member=Component R11 R0.4W
Added Room: Name=w32_dmx512-slaver_Schematic
