Removed Pin From Net: NetName=NRST Pin=C8-1
Removed Pin From Net: NetName=DONVI Pin=IC2-5
Removed Pin From Net: NetName=+5V Pin=R8-1
Removed Pin From Net: NetName=NetLED1_1 Pin=R8-2
Removed Pin From Net: NetName=+5V Pin=R9-1
Removed Pin From Net: NetName=NRST Pin=R9-2
Removed Pin From Net: NetName=+5V Pin=R10-1
Removed Pin From Net: NetName=NetLED2_1 Pin=R10-2
Removed Pin From Net: NetName=NRST Pin=S1-1
Removed Member From Class: ClassName=w32_dmx512-slaver_Schematic Member=R9
Removed Member From Class: ClassName=w32_dmx512-slaver_Schematic Member=R10
Change Component Footprint: Designator=R8 Old Footprint=RES-SMD-0101 New Footprint=DIEN TRO 1/4 W
Change Component Comment : Designator=R8 Old Comment=1k New Comment=R0.4W
Change Component Designator: OldDesignator=C? NewDesignator=C4
Change Component Designator: OldDesignator=C? NewDesignator=C7
Added Component: Designator=R6(DIEN TRO 1/4 W)
Added Component: Designator=R7(DIEN TRO 1/4 W)
Added Pin To Net: NetName=OK Pin=C2-1
Added Pin To Net: NetName=LCD_EN Pin=C2-3
Added Pin To Net: NetName=LCD_DB4 Pin=C2-4
Added Pin To Net: NetName=LCD_DB5 Pin=C2-5
Added Pin To Net: NetName=LCD_DB6 Pin=C2-6
Added Pin To Net: NetName=LCD_DB7 Pin=C2-7
Added Pin To Net: NetName=PD1 Pin=C2-8
Added Pin To Net: NetName=LCD_RS Pin=C2-9
Added Pin To Net: NetName=GREEN Pin=C2-10
Added Pin To Net: NetName=LCD_RS Pin=LCD1-4
Added Pin To Net: NetName=LCD_EN Pin=LCD1-6
Added Pin To Net: NetName=LCD_DB4 Pin=LCD1-11
Added Pin To Net: NetName=LCD_DB5 Pin=LCD1-12
Added Pin To Net: NetName=LCD_DB6 Pin=LCD1-13
Added Pin To Net: NetName=LCD_DB7 Pin=LCD1-14
Added Pin To Net: NetName=+5V Pin=LED3-6
Added Pin To Net: NetName=+5V Pin=R6-2
Added Pin To Net: NetName=NetLED1_1 Pin=R7-1
Added Pin To Net: NetName=+5V Pin=R7-2
Added Pin To Net: NetName=NetLED2_1 Pin=R8-1
Added Pin To Net: NetName=+5V Pin=R8-2
Added Pin To Net: NetName=NetC8_1 Pin=C8-1
Added Pin To Net: NetName=NetC8_1 Pin=R6-1
Added Pin To Net: NetName=NetC8_1 Pin=S1-1
Added Net: Name=NetC8_1
Added Pin To Net: NetName=PA3 Pin=C1-1
Added Pin To Net: NetName=PA3 Pin=IC2-10
Added Net: Name=PA3
Added Pin To Net: NetName=PB4 Pin=C2-2
Added Pin To Net: NetName=PB4 Pin=IC2-12
Added Net: Name=PB4
Added Member To Class: ClassName=w32_dmx512-slaver_Schematic Member=Component C4 Cap Pol3
Added Member To Class: ClassName=w32_dmx512-slaver_Schematic Member=Component R6 R0.4W
Added Member To Class: ClassName=w32_dmx512-slaver_Schematic Member=Component R7 R0.4W
