Removed Pin From Net: NetName=GND Pin=*-7
Removed Pin From Net: NetName=GND Pin=*-10
Removed Pin From Net: NetName=VCC Pin=C1-4
Removed Pin From Net: NetName=VCC Pin=C2-9
Removed Pin From Net: NetName=VCC Pin=C5-1
Removed Pin From Net: NetName=VCC Pin=HD2-1
Removed Pin From Net: NetName=GND Pin=P1-5
Added Component: Designator=B0505S(JP4-C1T)
Add component. Clean all parameters for all variants
Add component (AddParameter): Name = "ComponentLink1 Description"; Value = "Manufacturer"; VariantName = "[No Variations]"
Add component (AddParameter): Name = "ComponentLink1URL"; Value = "http://www.we-online.com"; VariantName = "[No Variations]"
Add component (AddParameter): Name = "ComponentLink2 Description"; Value = "Datasheet"; VariantName = "[No Variations]"
Add component (AddParameter): Name = "ComponentLink2URL"; Value = "http://katalog.we-online.de/em/datasheet/6130xx143121.pdf"; VariantName = "[No Variations]"
Add component (AddParameter): Name = "Created by"; Value = "Karrer Zheng"; VariantName = "[No Variations]"
Add component (AddParameter): Name = "Created Date"; Value = "29 March 2013"; VariantName = "[No Variations]"
Add component (AddParameter): Name = "Manufacturer"; Value = "W¨¹rth Elektronik eiSos GmbH"; VariantName = "[No Variations]"
Add component (AddParameter): Name = "NoPins"; Value = "04"; VariantName = "[No Variations]"
Add component (AddParameter): Name = "partNo"; Value = "613004143121"; VariantName = "[No Variations]"
Added Pin To Net: NetName=VCC Pin=*-1
Added Pin To Net: NetName=VCC Pin=*-16
Added Pin To Net: NetName=VCC Pin=B0505S-2
Added Pin To Net: NetName=GND Pin=B0505S-3
Added Pin To Net: NetName=NetLCD1_2 Pin=B0505S-4
Added Pin To Net: NetName=NetLCD1_2 Pin=C1-4
Added Pin To Net: NetName=NetLCD1_2 Pin=C2-9
Added Pin To Net: NetName=NetLCD1_2 Pin=C5-1
Added Pin To Net: NetName=NetLCD1_2 Pin=HD2-1
Added Pin To Net: NetName=GND Pin=LCD1-1
Added Pin To Net: NetName=GND Pin=LCD1-5
Added Pin To Net: NetName=GND Pin=LCD1-16
Added Pin To Net: NetName=GND Pin=RV1-3
Change Net Name : Old Net Name=GND New Net Name=0V
Change Net Name : Old Net Name=NetLCD1_2 New Net Name=+Vo
Change Net Name : Old Net Name=VCC New Net Name=Vin
Change Net Name : Old Net Name=~AC1 New Net Name=~220 AC +
Change Net Name : Old Net Name=~AC2 New Net Name=+220 AC -
Added Pin To Net: NetName=GND Pin=*-7
Added Pin To Net: NetName=GND Pin=*-8
Added Pin To Net: NetName=GND Pin=*-9
Added Pin To Net: NetName=GND Pin=*-10
Added Pin To Net: NetName=GND Pin=B0505S-1
Added Pin To Net: NetName=GND Pin=P1-5
Added Net: Name=GND
Added Member To Class: ClassName=auto switch electric bike charger_schematic Member=Component B0505S JP4
