Removed Pin From Net: NetName=GND Pin=BLE-1
Removed Pin From Net: NetName=+3.3V Pin=BLE-11
Removed Pin From Net: NetName=GND Pin=BLE-12
Removed Pin From Net: NetName=52>32 Pin=BLE-19
Removed Pin From Net: NetName=32>52 Pin=BLE-21
Removed Pin From Net: NetName=GND Pin=BLE-24
Removed Pin From Net: NetName=MD_RESET Pin=BLE-35
Removed Pin From Net: NetName=SWDCLK Pin=BLE-36
Removed Pin From Net: NetName=GND Pin=BLE-39
Removed Pin From Net: NetName=+3.3V Pin=C5-1
Removed Pin From Net: NetName=+3.3V Pin=C6-1
Removed Pin From Net: NetName=GND Pin=C6-2
Removed Pin From Net: NetName=GND Pin=C7-2
Removed Pin From Net: NetName=GND Pin=CO1-1
Removed Pin From Net: NetName=GND Pin=CO2-1
Removed Pin From Net: NetName=+3.3V Pin=D2-1
Removed Pin From Net: NetName=+3.3V Pin=D3-1
Removed Pin From Net: NetName=+3.3V Pin=D4-1
Removed Pin From Net: NetName=+3.3V Pin=D5-1
Removed Pin From Net: NetName=+3.3V Pin=LED1-1
Removed Pin From Net: NetName=+3.3V Pin=LED1-2
Removed Pin From Net: NetName=+3.3V Pin=LED1-3
Removed Pin From Net: NetName=PWM_YELLOW Pin=LED1-5
Removed Pin From Net: NetName=GND Pin=plug-5
Removed Pin From Net: NetName=PWM_YELLOW Pin=PWM-2
Removed Pin From Net: NetName=+3.3V Pin=PWR-1
Removed Pin From Net: NetName=GND Pin=PWR-2
Removed Pin From Net: NetName=+3.3V Pin=R1-2
Removed Pin From Net: NetName=GND Pin=STLinkv2-1
Removed Pin From Net: NetName=+3.3V Pin=STLinkv2-2
Removed Pin From Net: NetName=MD_RESET Pin=STM32-6
Removed Pin From Net: NetName=SWDCLK Pin=STM32-7
Removed Pin From Net: NetName=PWM_YELLOW Pin=STM32-13
Removed Pin From Net: NetName=GND Pin=STM32-15
Removed Pin From Net: NetName=+3.3V Pin=STM32-16
Removed Pin From Net: NetName=32>52 Pin=STM32-17
Removed Pin From Net: NetName=52>32 Pin=STM32-18
Removed Pin From Net: NetName=GND Pin=SW-2
Removed Pin From Net: NetName=32>52 Pin=USART1-1
Removed Pin From Net: NetName=52>32 Pin=USART1-2
Removed Pin From Net: NetName=+3.3V Pin=VCC-1
Removed Pin From Net: NetName=GND Pin=VCC-2
Removed Member From Class: ClassName=MDBT42Q Member=BLE
Removed Member From Class: ClassName=MDBT42Q Member=C6
Removed Member From Class: ClassName=MDBT42Q Member=C7
Removed Member From Class: ClassName=MDBT42Q Member=CO1
Removed Member From Class: ClassName=MDBT42Q Member=CO2
Removed Member From Class: ClassName=MDBT42Q Member=D2
Removed Member From Class: ClassName=MDBT42Q Member=D3
Removed Member From Class: ClassName=MDBT42Q Member=D4
Removed Member From Class: ClassName=MDBT42Q Member=D5
Removed Member From Class: ClassName=MDBT42Q Member=LED1
Removed Member From Class: ClassName=MDBT42Q Member=plug
Removed Member From Class: ClassName=MDBT42Q Member=PWM
Removed Member From Class: ClassName=MDBT42Q Member=PWR
Removed Member From Class: ClassName=MDBT42Q Member=STM32
Removed Member From Class: ClassName=MDBT42Q Member=SW
Removed Member From Class: ClassName=MDBT42Q Member=USART1
Removed Member From Class: ClassName=MDBT42Q Member=USART2
Removed Member From Class: ClassName=MDBT42Q Member=VCC
Removed Member From Class: ClassName=MDBT42Q Member=Y1
Change Component Footprint: Designator=C3 Old Footprint=CAPC3216X180 New Footprint=0805C-GENERIC
Change Component Comment : Designator=C5 Old Comment=2u2 New Comment=10u
Change Component Comment : Designator=C3 Old Comment=C3216X5R1A106K160AB New Comment=2u2
Change component parameters: Designator = "R1"; Footprint = "RES-SM-1206"; UniqueID = "\BOSPGXTY"
Change component parameters. Clean all parameters for all variants
Change component parameters (AddParameter): Name = "Value"; Value = "1K"; VariantName = "[No Variations]"
Change component parameters: Designator = "C3"; Footprint = "0805C-GENERIC"; UniqueID = "\GEFFVAVE"
Change component parameters. Clean all parameters for all variants
Change component parameters (AddParameter): Name = "Manufacturer"; Value = "Panasonic - ECG"; VariantName = "[No Variations]"
Change component parameters (AddParameter): Name = "Manufacturer Part Number"; Value = "ECJ-1VB0J225K"; VariantName = "[No Variations]"
Change component parameters (AddParameter): Name = "Reel"; Value = "C7"; VariantName = "[No Variations]"
Change component parameters (AddParameter): Name = "Supplier 1"; Value = "Digi-Key"; VariantName = "[No Variations]"
Change component parameters (AddParameter): Name = "Supplier Part Number 1"; Value = "PCC2273TR-ND"; VariantName = "[No Variations]"
Change component parameters: Designator = "C4"; Footprint = "0805C-GENERIC"; UniqueID = "\IKRKHDSK"
Change component parameters. Clean all parameters for all variants
Change component parameters (AddParameter): Name = "Manufacturer"; Value = "Panasonic - ECG"; VariantName = "[No Variations]"
Change component parameters (AddParameter): Name = "Manufacturer Part Number"; Value = "ECJ-1VB0J225K"; VariantName = "[No Variations]"
Change component parameters (AddParameter): Name = "Reel"; Value = "C7"; VariantName = "[No Variations]"
Change component parameters (AddParameter): Name = "Supplier 1"; Value = "Digi-Key"; VariantName = "[No Variations]"
Change component parameters (AddParameter): Name = "Supplier Part Number 1"; Value = "PCC2273TR-ND"; VariantName = "[No Variations]"
Change component parameters: Designator = "C5"; Footprint = "0805C-GENERIC"; UniqueID = "\RUFVQYQT"
Change component parameters. Clean all parameters for all variants
Change component parameters (AddParameter): Name = "Manufacturer"; Value = "Panasonic - ECG"; VariantName = "[No Variations]"
Change component parameters (AddParameter): Name = "Manufacturer Part Number"; Value = "ECJ-1VB0J225K"; VariantName = "[No Variations]"
Change component parameters (AddParameter): Name = "Reel"; Value = "C7"; VariantName = "[No Variations]"
Change component parameters (AddParameter): Name = "Supplier 1"; Value = "Digi-Key"; VariantName = "[No Variations]"
Change component parameters (AddParameter): Name = "Supplier Part Number 1"; Value = "PCC2273TR-ND"; VariantName = "[No Variations]"
Change component parameters: Designator = "U1"; Footprint = "SOT229P700X180-4N"; UniqueID = "\IMNUKACK"
Change component parameters. Clean all parameters for all variants
Change component parameters (AddParameter): Name = "Availability"; Value = "Unavailable"; VariantName = "[No Variations]"
Change component parameters (AddParameter): Name = "MF"; Value = "Advanced Monolithic Systems"; VariantName = "[No Variations]"
Change component parameters (AddParameter): Name = "MP"; Value = "AMS1117-3.3"; VariantName = "[No Variations]"
Change component parameters (AddParameter): Name = "Package"; Value = "None"; VariantName = "[No Variations]"
Change component parameters (AddParameter): Name = "Price"; Value = "None"; VariantName = "[No Variations]"
Change component parameters (AddParameter): Name = "SnapEDA_Link"; Value = "https://www.snapeda.com/parts/AMS1117-3.3/Advanced%20Monolithic%20Systems/view-part/?ref=snap"; VariantName = "[No Variations]"
Change component parameters (AddParameter): Name = "Value"; Value = ""; VariantName = "[No Variations]"
Added Component: Designator=C1(CAPC3216X180)
Add component. Clean all parameters for all variants
Add component (AddParameter): Name = "Availability"; Value = "Unavailable"; VariantName = "[No Variations]"
Add component (AddParameter): Name = "MF"; Value = "TDK"; VariantName = "[No Variations]"
Add component (AddParameter): Name = "MP"; Value = "C3216X5R1A106K160AB"; VariantName = "[No Variations]"
Add component (AddParameter): Name = "Package"; Value = "1206 TDK"; VariantName = "[No Variations]"
Add component (AddParameter): Name = "Price"; Value = "0.19 USD"; VariantName = "[No Variations]"
Add component (AddParameter): Name = "SnapEDA_Link"; Value = "https://www.snapeda.com/parts/C3216X5R1A106K160AB/TDK/view-part/?ref=snap"; VariantName = "[No Variations]"
Add component (AddParameter): Name = "Value"; Value = ""; VariantName = "[No Variations]"
Added Component: Designator=C2(CAPC3216X180)
Add component. Clean all parameters for all variants
Add component (AddParameter): Name = "Availability"; Value = "Unavailable"; VariantName = "[No Variations]"
Add component (AddParameter): Name = "MF"; Value = "TDK"; VariantName = "[No Variations]"
Add component (AddParameter): Name = "MP"; Value = "C3216X5R1A106K160AB"; VariantName = "[No Variations]"
Add component (AddParameter): Name = "Package"; Value = "1206 TDK"; VariantName = "[No Variations]"
Add component (AddParameter): Name = "Price"; Value = "0.19 USD"; VariantName = "[No Variations]"
Add component (AddParameter): Name = "SnapEDA_Link"; Value = "https://www.snapeda.com/parts/C3216X5R1A106K160AB/TDK/view-part/?ref=snap"; VariantName = "[No Variations]"
Add component (AddParameter): Name = "Value"; Value = ""; VariantName = "[No Variations]"
Added Component: Designator=D1(LED_0805_Blue)
Add component. Clean all parameters for all variants
Added Component: Designator=HD1(HED2)
Add component. Clean all parameters for all variants
Add component (AddParameter): Name = "Value"; Value = "Header 2"; VariantName = "[No Variations]"
Added Component: Designator=HD2(HED2)
Add component. Clean all parameters for all variants
Add component (AddParameter): Name = "Value"; Value = "Header 2"; VariantName = "[No Variations]"
Added Component: Designator=SW1(SW2)
Add component. Clean all parameters for all variants
Added Pin To Net: NetName=GND Pin=C1-2
Added Pin To Net: NetName=+3.3V Pin=C2-1
Added Pin To Net: NetName=GND Pin=C2-2
Added Pin To Net: NetName=+3.3V Pin=C4-1
Added Pin To Net: NetName=+3.3V Pin=D1-1
Added Pin To Net: NetName=GND Pin=D1-2
Added Pin To Net: NetName=GND Pin=HD1-1
Added Pin To Net: NetName=PWM_YELLOW Pin=HD2-1
Added Pin To Net: NetName=PWM_YELLOW Pin=HD2-2
Added Pin To Net: NetName=PWM_YELLOW Pin=R1-2
Added Pin To Net: NetName=PWM_YELLOW Pin=STLinkv2-1
Added Pin To Net: NetName=PWM_YELLOW Pin=STLinkv2-2
Added Pin To Net: NetName=PWM_YELLOW Pin=STLinkv2-3
Added Pin To Net: NetName=PWM_YELLOW Pin=STLinkv2-4
Added Pin To Net: NetName=GND Pin=SW1-2
Added Pin To Net: NetName=+12V Pin=C1-1
Added Pin To Net: NetName=+12V Pin=C3-1
Added Pin To Net: NetName=+12V Pin=HD1-2
Added Pin To Net: NetName=+12V Pin=U1-3
Added Net: Name=+12V
Added Pin To Net: NetName=NetC5_1 Pin=C5-1
Added Pin To Net: NetName=NetC5_1 Pin=R1-1
Added Pin To Net: NetName=NetC5_1 Pin=SW1-1
Added Net: Name=NetC5_1
Added Member To Class: ClassName=MDBT42Q Member=Component C1 C3216X5R1A106K160AB
Added Member To Class: ClassName=MDBT42Q Member=Component C2 C3216X5R1A106K160AB
Added Member To Class: ClassName=MDBT42Q Member=Component D1 LED SMD
Added Member To Class: ClassName=MDBT42Q Member=Component HD1 Header 2
Added Member To Class: ClassName=MDBT42Q Member=Component HD2 Header 2
Added Member To Class: ClassName=MDBT42Q Member=Component SW1 SW
Added Room: Name=MDBT42Q
