Added Component: Designator=C1(J2-C1T)
Added Component: Designator=C2(J2-C1T)
Added Component: Designator=C3(J4-C1T)
Added Component: Designator=C4(J4-C1T)
Added Component: Designator=C5(J8-C1T)
Added Component: Designator=C6(J8-C1T)
Added Component: Designator=IC1(DIP16)
Added Component: Designator=IC2(DIP16)
Added Component: Designator=LED1(LED 3512)
Added Component: Designator=R1(RES-SMD-0101)
Added Pin To Net: NetName=GND Pin=C1-2
Added Pin To Net: NetName=GND Pin=C2-2
Added Pin To Net: NetName=GND Pin=IC1-8
Added Pin To Net: NetName=GND Pin=IC1-13
Added Pin To Net: NetName=GND Pin=IC2-8
Added Pin To Net: NetName=GND Pin=IC2-13
Added Pin To Net: NetName=GND Pin=LED1-2
Added Net: Name=GND
Added Pin To Net: NetName=NetC3_1 Pin=C3-1
Added Pin To Net: NetName=NetC3_1 Pin=IC1-14
Added Net: Name=NetC3_1
Added Pin To Net: NetName=NetC3_2 Pin=C3-2
Added Pin To Net: NetName=NetC3_2 Pin=IC1-11
Added Net: Name=NetC3_2
Added Pin To Net: NetName=NetC3_3 Pin=C3-3
Added Pin To Net: NetName=NetC3_3 Pin=IC1-12
Added Net: Name=NetC3_3
Added Pin To Net: NetName=NetC3_4 Pin=C3-4
Added Pin To Net: NetName=NetC3_4 Pin=IC1-9
Added Net: Name=NetC3_4
Added Pin To Net: NetName=NetC4_1 Pin=C4-1
Added Pin To Net: NetName=NetC4_1 Pin=IC2-14
Added Net: Name=NetC4_1
Added Pin To Net: NetName=NetC4_2 Pin=C4-2
Added Pin To Net: NetName=NetC4_2 Pin=IC2-11
Added Net: Name=NetC4_2
Added Pin To Net: NetName=NetC4_3 Pin=C4-3
Added Pin To Net: NetName=NetC4_3 Pin=IC2-12
Added Net: Name=NetC4_3
Added Pin To Net: NetName=NetC4_4 Pin=C4-4
Added Pin To Net: NetName=NetC4_4 Pin=IC2-9
Added Net: Name=NetC4_4
Added Pin To Net: NetName=NetC5_1 Pin=C5-1
Added Pin To Net: NetName=NetC5_1 Pin=IC1-15
Added Net: Name=NetC5_1
Added Pin To Net: NetName=NetC5_2 Pin=C5-2
Added Pin To Net: NetName=NetC5_2 Pin=IC1-1
Added Net: Name=NetC5_2
Added Pin To Net: NetName=NetC5_3 Pin=C5-3
Added Pin To Net: NetName=NetC5_3 Pin=IC1-2
Added Net: Name=NetC5_3
Added Pin To Net: NetName=NetC5_4 Pin=C5-4
Added Pin To Net: NetName=NetC5_4 Pin=IC1-3
Added Net: Name=NetC5_4
Added Pin To Net: NetName=NetC5_5 Pin=C5-5
Added Pin To Net: NetName=NetC5_5 Pin=IC1-4
Added Net: Name=NetC5_5
Added Pin To Net: NetName=NetC5_6 Pin=C5-6
Added Pin To Net: NetName=NetC5_6 Pin=IC1-5
Added Net: Name=NetC5_6
Added Pin To Net: NetName=NetC5_7 Pin=C5-7
Added Pin To Net: NetName=NetC5_7 Pin=IC1-6
Added Net: Name=NetC5_7
Added Pin To Net: NetName=NetC5_8 Pin=C5-8
Added Pin To Net: NetName=NetC5_8 Pin=IC1-7
Added Net: Name=NetC5_8
Added Pin To Net: NetName=NetC6_1 Pin=C6-1
Added Pin To Net: NetName=NetC6_1 Pin=IC2-15
Added Net: Name=NetC6_1
Added Pin To Net: NetName=NetC6_2 Pin=C6-2
Added Pin To Net: NetName=NetC6_2 Pin=IC2-1
Added Net: Name=NetC6_2
Added Pin To Net: NetName=NetC6_3 Pin=C6-3
Added Pin To Net: NetName=NetC6_3 Pin=IC2-2
Added Net: Name=NetC6_3
Added Pin To Net: NetName=NetC6_4 Pin=C6-4
Added Pin To Net: NetName=NetC6_4 Pin=IC2-3
Added Net: Name=NetC6_4
Added Pin To Net: NetName=NetC6_5 Pin=C6-5
Added Pin To Net: NetName=NetC6_5 Pin=IC2-4
Added Net: Name=NetC6_5
Added Pin To Net: NetName=NetC6_6 Pin=C6-6
Added Pin To Net: NetName=NetC6_6 Pin=IC2-5
Added Net: Name=NetC6_6
Added Pin To Net: NetName=NetC6_7 Pin=C6-7
Added Pin To Net: NetName=NetC6_7 Pin=IC2-6
Added Net: Name=NetC6_7
Added Pin To Net: NetName=NetC6_8 Pin=C6-8
Added Pin To Net: NetName=NetC6_8 Pin=IC2-7
Added Net: Name=NetC6_8
Added Pin To Net: NetName=NetLED1_1 Pin=LED1-1
Added Pin To Net: NetName=NetLED1_1 Pin=R1-1
Added Net: Name=NetLED1_1
Added Pin To Net: NetName=VCC Pin=C1-1
Added Pin To Net: NetName=VCC Pin=C2-1
Added Pin To Net: NetName=VCC Pin=IC1-10
Added Pin To Net: NetName=VCC Pin=IC1-16
Added Pin To Net: NetName=VCC Pin=IC2-10
Added Pin To Net: NetName=VCC Pin=IC2-16
Added Pin To Net: NetName=VCC Pin=R1-2
Added Net: Name=VCC
Added Class: Name=w31_20172_1st_Schematic
Added Room: Name=w31_20172_1st_Schematic
