Removed Pin From Net: NetName=GISOL Pin=6N137-5
Removed Pin From Net: NetName=+5V Pin=0505-1
Removed Pin From Net: NetName=GND Pin=0505-2
Removed Pin From Net: NetName=GISOL Pin=0505-4
Removed Pin From Net: NetName=GISOL Pin=0505-6
Removed Pin From Net: NetName=GISOL Pin=C3-1
Removed Pin From Net: NetName=GISOL Pin=C4-1
Removed Pin From Net: NetName=GISOL Pin=C12-1
Removed Pin From Net: NetName=GISOL Pin=CN1-1
Removed Pin From Net: NetName=GISOL Pin=MAX481-5
Removed Pin From Net: NetName=GISOL Pin=R8-1
Removed Member From Class: ClassName=w32_dmx512_Schematic Member=0505
Added Component: Designator=U?(SIP600W25P254L1960H1020Q4P)
Added Pin To Net: NetName=+5V Pin=U?-1
Added Pin To Net: NetName=GND Pin=U?-2
Added Pin To Net: NetName=GISOL Pin=U?-6
Change Net Name : Old Net Name=GISOL New Net Name=VISOL
Added Pin To Net: NetName=GISOL Pin=6N137-5
Added Pin To Net: NetName=GISOL Pin=C3-1
Added Pin To Net: NetName=GISOL Pin=C4-1
Added Pin To Net: NetName=GISOL Pin=C12-1
Added Pin To Net: NetName=GISOL Pin=CN1-1
Added Pin To Net: NetName=GISOL Pin=MAX481-5
Added Pin To Net: NetName=GISOL Pin=R8-1
Added Pin To Net: NetName=GISOL Pin=U?-4
Added Net: Name=GISOL
Added Member To Class: ClassName=w32_dmx512_Schematic Member=Component U? REE-0505S
Added Room: Name=w32_dmx512_Schematic
