Removed Pin From Net: NetName=GND Pin=D?-A
Removed Pin From Net: NetName=GND Pin=D?-C
Removed Member From Class: ClassName=BTL-TKHT do Member=P?
Change Component Comment : Designator=C? Old Comment=Cap New Comment=1uF
Change Component Comment : Designator=C? Old Comment=Cap New Comment=1uF
Change Component Comment : Designator=C? Old Comment=Cap New Comment=1uF
Change Component Comment : Designator=C? Old Comment=Cap New Comment=1uF
Change Component Comment : Designator=C? Old Comment=Pol-Cap New Comment=33uF
Change Component Comment : Designator=C? Old Comment=Pol-Cap New Comment=33uF
Change Component Comment : Designator=C? Old Comment=Pol-Cap New Comment=33uF
Change Component Comment : Designator=C? Old Comment=Pol-Cap New Comment=33uF
Change Component Designator: OldDesignator=C? NewDesignator=C1
Change Component Designator: OldDesignator=C? NewDesignator=C2
Change Component Designator: OldDesignator=C? NewDesignator=C3
Change Component Designator: OldDesignator=C? NewDesignator=C4
Change Component Designator: OldDesignator=C? NewDesignator=C5
Change Component Designator: OldDesignator=C? NewDesignator=C6
Change Component Designator: OldDesignator=C? NewDesignator=C7
Change Component Designator: OldDesignator=C? NewDesignator=C8
Change Component Designator: OldDesignator=D? NewDesignator=D1
Change Component Designator: OldDesignator=D? NewDesignator=D2
Change Component Designator: OldDesignator=D? NewDesignator=D3
Change Component Designator: OldDesignator=D? NewDesignator=D4
Change Component Designator: OldDesignator=F? NewDesignator=F1
Change Component Designator: OldDesignator=H2_? NewDesignator=H1
Change Component Designator: OldDesignator=IC? NewDesignator=IC1
Change Component Designator: OldDesignator=IC? NewDesignator=IC2
Change Component Designator: OldDesignator=T? NewDesignator=T1
Change Component Designator: OldDesignator=VR? NewDesignator=VR1
Added Component: Designator=C9(Cap)
Add component. Clean all parameters for all variants
Added Component: Designator=C10(Cap)
Add component. Clean all parameters for all variants
Added Component: Designator=C11(Cap)
Add component. Clean all parameters for all variants
Added Component: Designator=HD1(HEADER_3)
Add component. Clean all parameters for all variants
Added Component: Designator=IC3(DIP40/W0.6)
Add component. Clean all parameters for all variants
Add component (AddParameter): Name = "Copyright by"; Value = "VanDungEvn"; VariantName = "[No Variations]"
Add component (AddParameter): Name = "Value"; Value = "PIC16F877A"; VariantName = "[No Variations]"
Added Component: Designator=R1(RES)
Add component. Clean all parameters for all variants
Added Component: Designator=R2(RES)
Add component. Clean all parameters for all variants
Added Component: Designator=R3(RES)
Add component. Clean all parameters for all variants
Added Component: Designator=R4(RES)
Add component. Clean all parameters for all variants
Added Component: Designator=R5(RES)
Add component. Clean all parameters for all variants
Added Component: Designator=X1(XT2)
Add component. Clean all parameters for all variants
Add component (AddParameter): Name = "Value"; Value = "4Mhz"; VariantName = "[No Variations]"
Added Pin To Net: NetName=-5 Pin=*-4
Added Pin To Net: NetName=-5 Pin=*-5
Added Pin To Net: NetName=+5 Pin=*-7
Added Pin To Net: NetName=GND Pin=C9-1
Added Pin To Net: NetName=GND Pin=C10-1
Added Pin To Net: NetName=GND Pin=C11-1
Added Pin To Net: NetName=NetC?_1 Pin=D1-A
Added Pin To Net: NetName=NetC?_1 Pin=D3-C
Added Pin To Net: NetName=GND Pin=HD1-1
Added Pin To Net: NetName=+5 Pin=HD1-3
Added Pin To Net: NetName=GND Pin=LCD-1
Added Pin To Net: NetName=+5 Pin=LCD-2
Added Pin To Net: NetName=GND Pin=LCD-5
Added Pin To Net: NetName=+5 Pin=LCD-15
Added Pin To Net: NetName=GND Pin=LCD-16
Added Pin To Net: NetName=GND Pin=R1-2
Added Pin To Net: NetName=+5 Pin=R2-2
Added Pin To Net: NetName=GND Pin=R5-1
Change Net Name : Old Net Name=NetC?_1 New Net Name=NetC5_1
Change Net Name : Old Net Name=NetC?_2 New Net Name=NetC1_2
Change Net Name : Old Net Name=NetD?_A New Net Name=NetD3_A
Change Net Name : Old Net Name=NetD?_C New Net Name=NetD1_C
Change Net Name : Old Net Name=NetF?_1 New Net Name=NetF1_1
Change Net Name : Old Net Name=NetF?_2 New Net Name=NetF1_2
Change Net Name : Old Net Name=NetH2_?_1 New Net Name=NetH1_1
Added Pin To Net: NetName=_toADC Pin=*-6
Added Pin To Net: NetName=_toADC Pin=IC3-2
Added Net: Name=_toADC
Added Pin To Net: NetName=D4 Pin=IC3-37
Added Pin To Net: NetName=D4 Pin=LCD-11
Added Net: Name=D4
Added Pin To Net: NetName=D5 Pin=IC3-38
Added Pin To Net: NetName=D5 Pin=LCD-12
Added Net: Name=D5
Added Pin To Net: NetName=D6 Pin=IC3-39
Added Pin To Net: NetName=D6 Pin=LCD-13
Added Net: Name=D6
Added Pin To Net: NetName=D7 Pin=IC3-40
Added Pin To Net: NetName=D7 Pin=LCD-14
Added Net: Name=D7
Added Pin To Net: NetName=EN Pin=IC3-34
Added Pin To Net: NetName=EN Pin=LCD-6
Added Net: Name=EN
Added Pin To Net: NetName=Net*_1 Pin=*-1
Added Pin To Net: NetName=Net*_1 Pin=R4-1
Added Net: Name=Net*_1
Added Pin To Net: NetName=Net*_8 Pin=*-8
Added Pin To Net: NetName=Net*_8 Pin=R4-2
Added Net: Name=Net*_8
Added Pin To Net: NetName=NetC9_2 Pin=C9-2
Added Pin To Net: NetName=NetC9_2 Pin=IC3-1
Added Pin To Net: NetName=NetC9_2 Pin=R3-2
Added Net: Name=NetC9_2
Added Pin To Net: NetName=NetC10_2 Pin=C10-2
Added Pin To Net: NetName=NetC10_2 Pin=IC3-13
Added Pin To Net: NetName=NetC10_2 Pin=X1-2
Added Net: Name=NetC10_2
Added Pin To Net: NetName=NetC11_2 Pin=C11-2
Added Pin To Net: NetName=NetC11_2 Pin=IC3-14
Added Pin To Net: NetName=NetC11_2 Pin=X1-1
Added Net: Name=NetC11_2
Added Pin To Net: NetName=NetLCD_3 Pin=LCD-3
Added Pin To Net: NetName=NetLCD_3 Pin=R1-1
Added Net: Name=NetLCD_3
Added Pin To Net: NetName=RS Pin=IC3-33
Added Pin To Net: NetName=RS Pin=LCD-4
Added Net: Name=RS
Added Pin To Net: NetName=SIGNAL+ Pin=*-3
Added Pin To Net: NetName=SIGNAL+ Pin=R2-1
Added Pin To Net: NetName=SIGNAL+ Pin=R5-2
Added Net: Name=SIGNAL+
Added Pin To Net: NetName=SIGNAL- Pin=*-2
Added Pin To Net: NetName=SIGNAL- Pin=HD1-2
Added Net: Name=SIGNAL-
Added Member To Class: ClassName=BTL-TKHT do Member=Component C1 1uF
Added Member To Class: ClassName=BTL-TKHT do Member=Component C2 33uF
Added Member To Class: ClassName=BTL-TKHT do Member=Component C3 33uF
Added Member To Class: ClassName=BTL-TKHT do Member=Component C4 1uF
Added Member To Class: ClassName=BTL-TKHT do Member=Component C5 1uF
Added Member To Class: ClassName=BTL-TKHT do Member=Component C6 33uF
Added Member To Class: ClassName=BTL-TKHT do Member=Component C7 33uF
Added Member To Class: ClassName=BTL-TKHT do Member=Component C9 33uF
Added Member To Class: ClassName=BTL-TKHT do Member=Component C10 Cap
Added Member To Class: ClassName=BTL-TKHT do Member=Component C11 Cap
Added Member To Class: ClassName=BTL-TKHT do Member=Component D1 Diode
Added Member To Class: ClassName=BTL-TKHT do Member=Component D2 Diode
Added Member To Class: ClassName=BTL-TKHT do Member=Component D4 Diode
Added Member To Class: ClassName=BTL-TKHT do Member=Component HD1 HD_3
Added Member To Class: ClassName=BTL-TKHT do Member=Component IC2 LM7905
Added Member To Class: ClassName=BTL-TKHT do Member=Component IC3 PIC 16F877A
Added Member To Class: ClassName=BTL-TKHT do Member=Component R1 2.5K
Added Member To Class: ClassName=BTL-TKHT do Member=Component R2 120R
Added Member To Class: ClassName=BTL-TKHT do Member=Component R3 10K
Added Member To Class: ClassName=BTL-TKHT do Member=Component R4 15R
Added Member To Class: ClassName=BTL-TKHT do Member=Component R5 120R
Added Member To Class: ClassName=BTL-TKHT do Member=Component X1 12Mhz
