Removed Pin From Net: NetName=GND Pin=C?-1
Removed Pin From Net: NetName=GND Pin=C?-1
Removed Pin From Net: NetName=GND Pin=C?--
Removed Pin From Net: NetName=GND Pin=C?--
Removed Member From Class: ClassName=BTL-TKHT do Member=R?
Added Component: Designator=D?(Diode)
Add component. Clean all parameters for all variants
Added Component: Designator=D?(Diode)
Add component. Clean all parameters for all variants
Added Component: Designator=D?(Diode)
Add component. Clean all parameters for all variants
Added Component: Designator=D?(Diode)
Add component. Clean all parameters for all variants
Added Component: Designator=LCD(LCD20X4A)
Add component. Clean all parameters for all variants
Add component (AddParameter): Name = "Value"; Value = "LCD 20x4A"; VariantName = "[No Variations]"
Added Component: Designator=P?(Medium - Header 3)
Add component. Clean all parameters for all variants
Add component (AddParameter): Name = "LatestRevisionDate"; Value = "17-Jul-2002"; VariantName = "[No Variations]"
Add component (AddParameter): Name = "LatestRevisionNote"; Value = "Re-released for DXP Platform."; VariantName = "[No Variations]"
Add component (AddParameter): Name = "Publisher"; Value = "Altium Limited"; VariantName = "[No Variations]"
Added Pin To Net: NetName=GND Pin=C?-2
Added Pin To Net: NetName=GND Pin=C?-2
Added Pin To Net: NetName=GND Pin=C?-+
Added Pin To Net: NetName=GND Pin=C?-+
Added Pin To Net: NetName=GND Pin=D?-A
Added Pin To Net: NetName=GND Pin=D?-C
Change Net Name : Old Net Name=NetC?_2 New Net Name=+5
Added Pin To Net: NetName=-5 Pin=C?-1
Added Pin To Net: NetName=-5 Pin=C?--
Added Pin To Net: NetName=-5 Pin=IC?-3
Added Net: Name=-5
Added Pin To Net: NetName=NetC?_1 Pin=C?-1
Added Pin To Net: NetName=NetC?_1 Pin=C?--
Added Pin To Net: NetName=NetC?_1 Pin=IC?-2
Added Net: Name=NetC?_1
Added Pin To Net: NetName=NetC?_2 Pin=C?-2
Added Pin To Net: NetName=NetC?_2 Pin=C?-+
Added Pin To Net: NetName=NetC?_2 Pin=D?-A
Added Pin To Net: NetName=NetC?_2 Pin=D?-C
Added Pin To Net: NetName=NetC?_2 Pin=IC?-1
Added Net: Name=NetC?_2
Added Pin To Net: NetName=NetD?_A Pin=D?-A
Added Pin To Net: NetName=NetD?_A Pin=D?-A
Added Pin To Net: NetName=NetD?_A Pin=T?-6
Added Net: Name=NetD?_A
Added Pin To Net: NetName=NetD?_C Pin=D?-C
Added Pin To Net: NetName=NetD?_C Pin=D?-C
Added Pin To Net: NetName=NetD?_C Pin=T?-4
Added Net: Name=NetD?_C
Added Member To Class: ClassName=BTL-TKHT do Member=Component C? Pol-Cap
Added Member To Class: ClassName=BTL-TKHT do Member=Component C? Cap
Added Member To Class: ClassName=BTL-TKHT do Member=Component C? Cap
Added Member To Class: ClassName=BTL-TKHT do Member=Component C? Pol-Cap
Added Member To Class: ClassName=BTL-TKHT do Member=Component C? Pol-Cap
Added Member To Class: ClassName=BTL-TKHT do Member=Component C? Cap
Added Member To Class: ClassName=BTL-TKHT do Member=Component C? Cap
Added Member To Class: ClassName=BTL-TKHT do Member=Component D? Diode
Added Member To Class: ClassName=BTL-TKHT do Member=Component D? Diode
Added Member To Class: ClassName=BTL-TKHT do Member=Component D? Diode
Added Member To Class: ClassName=BTL-TKHT do Member=Component D? Diode
Added Member To Class: ClassName=BTL-TKHT do Member=Component IC? LM7805
Added Member To Class: ClassName=BTL-TKHT do Member=Component LCD LCD 20x4A
Added Member To Class: ClassName=BTL-TKHT do Member=Component P? Header 3 - M
