Removed Pin From Net: NetName=NetLCD_3 Pin=R1-1
Removed Pin From Net: NetName=GND Pin=R1-2
Removed Pin From Net: NetName=+5 Pin=R3-1
Removed Pin From Net: NetName=NetC9_2 Pin=R3-2
Removed Pin From Net: NetName=Net*_1 Pin=R4-1
Removed Pin From Net: NetName=Net*_8 Pin=R4-2
Removed Pin From Net: NetName=GND Pin=R5-1
Removed Pin From Net: NetName=SIGNAL+ Pin=R5-2
Change Component Comment : Designator=R1 Old Comment=2.5K New Comment=10k
Change Component Comment : Designator=R3 Old Comment=10K New Comment=120R
Change Component Comment : Designator=R4 Old Comment=15R New Comment=2.5k
Change Component Comment : Designator=R5 Old Comment=120R New Comment=15R
Added Pin To Net: NetName=NetC9_2 Pin=R1-1
Added Pin To Net: NetName=+5 Pin=R1-2
Added Pin To Net: NetName=GND Pin=R3-1
Added Pin To Net: NetName=SIGNAL+ Pin=R3-2
Added Pin To Net: NetName=NetLCD_3 Pin=R4-1
Added Pin To Net: NetName=GND Pin=R4-2
Added Pin To Net: NetName=Net*_8 Pin=R5-1
Added Pin To Net: NetName=Net*_1 Pin=R5-2
