Removed Pin From Net: NetName=+3.3V Pin=C1-1
Removed Pin From Net: NetName=GND Pin=C1-2
Removed Pin From Net: NetName=NetB1_4 Pin=C2-1
Removed Pin From Net: NetName=GND Pin=C2-2
Removed Member From Class: ClassName=MDBT42Q Member=C1
Removed Member From Class: ClassName=MDBT42Q Member=C2
Added Component: Designator=C5(0805C-GENERIC)
Add component. Clean all parameters for all variants
Add component (AddParameter): Name = "Manufacturer"; Value = "Panasonic - ECG"; VariantName = "[No Variations]"
Add component (AddParameter): Name = "Manufacturer Part Number"; Value = "ECJ-1VB0J225K"; VariantName = "[No Variations]"
Add component (AddParameter): Name = "Reel"; Value = "C7"; VariantName = "[No Variations]"
Add component (AddParameter): Name = "Supplier 1"; Value = "Digi-Key"; VariantName = "[No Variations]"
Add component (AddParameter): Name = "Supplier Part Number 1"; Value = "PCC2273TR-ND"; VariantName = "[No Variations]"
Added Component: Designator=C5(0805C-GENERIC)
Add component. Clean all parameters for all variants
Add component (AddParameter): Name = "Manufacturer"; Value = "Panasonic - ECG"; VariantName = "[No Variations]"
Add component (AddParameter): Name = "Manufacturer Part Number"; Value = "ECJ-1VB0J225K"; VariantName = "[No Variations]"
Add component (AddParameter): Name = "Reel"; Value = "C7"; VariantName = "[No Variations]"
Add component (AddParameter): Name = "Supplier 1"; Value = "Digi-Key"; VariantName = "[No Variations]"
Add component (AddParameter): Name = "Supplier Part Number 1"; Value = "PCC2273TR-ND"; VariantName = "[No Variations]"
Added Pin To Net: NetName=GND Pin=C5-1
Added Pin To Net: NetName=NetB1_4 Pin=C5-1
Added Pin To Net: NetName=+3.3V Pin=C5-2
Added Pin To Net: NetName=GND Pin=C5-2
Added Member To Class: ClassName=MDBT42Q Member=Component C5 2u2
Added Member To Class: ClassName=MDBT42Q Member=Component C5 10u
Added Room: Name=MDBT42Q
