Removed Pin From Net: NetName=+3.3V Pin=P3-1
Removed Pin From Net: NetName=GND Pin=P3-2
Removed Member From Class: ClassName=MDBT42Q Member=C7
Removed Member From Class: ClassName=MDBT42Q Member=C8
Removed Member From Class: ClassName=MDBT42Q Member=P3
Added Component: Designator=J3(JP2-D1T)
Add component. Clean all parameters for all variants
Add component (AddParameter): Name = "ComponentLink1 Description"; Value = "Manufacturer"; VariantName = "[No Variations]"
Add component (AddParameter): Name = "ComponentLink1URL"; Value = "http://www.we-online.com"; VariantName = "[No Variations]"
Add component (AddParameter): Name = "ComponentLink2 Description"; Value = "Datasheet"; VariantName = "[No Variations]"
Add component (AddParameter): Name = "ComponentLink2URL"; Value = "http://katalog.we-online.de/em/datasheet/6130xx143121.pdf"; VariantName = "[No Variations]"
Add component (AddParameter): Name = "Created by"; Value = "Karrer Zheng"; VariantName = "[No Variations]"
Add component (AddParameter): Name = "Created Date"; Value = "29 March 2013"; VariantName = "[No Variations]"
Add component (AddParameter): Name = "Manufacturer"; Value = "W¨¹rth Elektronik eiSos GmbH"; VariantName = "[No Variations]"
Add component (AddParameter): Name = "NoPins"; Value = "02"; VariantName = "[No Variations]"
Add component (AddParameter): Name = "partNo"; Value = "613002143121"; VariantName = "[No Variations]"
Added Component: Designator=LED1(LED RGB 5050)
Add component. Clean all parameters for all variants
Add component (AddParameter): Name = "Color"; Value = "Red & Green & Blue"; VariantName = "[No Variations]"
Add component (AddParameter): Name = "ComponentLink1Description"; Value = "Manufacturer"; VariantName = "[No Variations]"
Add component (AddParameter): Name = "ComponentLink1URL"; Value = "http://www.we-online.de"; VariantName = "[No Variations]"
Add component (AddParameter): Name = "ComponentLink2Description"; Value = "Datasheet"; VariantName = "[No Variations]"
Add component (AddParameter): Name = "ComponentLink2URL"; Value = "http://katalog.we-online.com/led/datasheet/150141M173100.pdf"; VariantName = "[No Variations]"
Add component (AddParameter): Name = "Created by"; Value = "Christin Otto"; VariantName = "[No Variations]"
Add component (AddParameter): Name = "Created Date"; Value = "June 2013"; VariantName = "[No Variations]"
Add component (AddParameter): Name = "Manufacturer"; Value = "Würth Elektronik eiSos GmbH"; VariantName = "[No Variations]"
Add component (AddParameter): Name = "PartNo"; Value = "150141M173100"; VariantName = "[No Variations]"
Added Pin To Net: NetName=+3.3V Pin=J3-1
Added Pin To Net: NetName=GND Pin=J3-2
Added Pin To Net: NetName=+3.3V Pin=LED1-1
Added Pin To Net: NetName=+3.3V Pin=LED1-2
Added Pin To Net: NetName=+3.3V Pin=LED1-3
Added Pin To Net: NetName=PWM_X Pin=LED1-4
Added Pin To Net: NetName=PWM_YELLOW Pin=LED1-5
Added Pin To Net: NetName=PWM_WHITE Pin=LED1-6
Added Member To Class: ClassName=MDBT42Q Member=Component J2 JP2
Added Member To Class: ClassName=MDBT42Q Member=Component J3 JP2
Added Member To Class: ClassName=MDBT42Q Member=Component LED1 150141M173100
Added Room: Name=MDBT42Q
