Removed Pin From Net: NetName=+12V Pin=input 12V-1
Removed Pin From Net: NetName=GND Pin=input 12V-2
Removed Member From Class: ClassName=MDBT42Q Member=input 12V
Change component parameters: Designator = "R1"; Footprint = "RES-SM-1206"; UniqueID = "\XDOMVMIW"
Change component parameters. Clean all parameters for all variants
Change component parameters (AddParameter): Name = "Value"; Value = "1K"; VariantName = "[No Variations]"
Change component parameters: Designator = "P2"; Footprint = "Medium - Header 2"; UniqueID = "\DXTGVWLV"
Change component parameters. Clean all parameters for all variants
Change component parameters (AddParameter): Name = "LatestRevisionDate"; Value = "17-Jul-2002"; VariantName = "[No Variations]"
Change component parameters (AddParameter): Name = "LatestRevisionNote"; Value = "Re-released for DXP Platform."; VariantName = "[No Variations]"
Change component parameters (AddParameter): Name = "Publisher"; Value = "Altium Limited"; VariantName = "[No Variations]"
Change component parameters: Designator = "STLinkV2"; Footprint = "HDR2X4"; UniqueID = "\CYOKVPRH"
Change component parameters. Clean all parameters for all variants
Change component parameters (AddParameter): Name = "LatestRevisionDate"; Value = "17-Jul-2002"; VariantName = "[No Variations]"
Change component parameters (AddParameter): Name = "LatestRevisionNote"; Value = "Re-released for DXP Platform."; VariantName = "[No Variations]"
Change component parameters (AddParameter): Name = "Publisher"; Value = "Altium Limited"; VariantName = "[No Variations]"
Change component parameters: Designator = "SW"; Footprint = "SW-SMD"; UniqueID = "\QFNUJLSY"
Change component parameters. Clean all parameters for all variants
Change component parameters (AddParameter): Name = "LatestRevisionDate"; Value = "17-Jul-2002"; VariantName = "[No Variations]"
Change component parameters (AddParameter): Name = "LatestRevisionNote"; Value = "Re-released for DXP Platform."; VariantName = "[No Variations]"
Change component parameters (AddParameter): Name = "PackageReference"; Value = "SPST-2"; VariantName = "[No Variations]"
Change component parameters (AddParameter): Name = "Published"; Value = "24-Mar-1999"; VariantName = "[No Variations]"
Change component parameters (AddParameter): Name = "Publisher"; Value = "Altium Limited"; VariantName = "[No Variations]"
Change component parameters: Designator = "C4"; Footprint = "0805C-GENERIC"; UniqueID = "\HFRRWWOC"
Change component parameters. Clean all parameters for all variants
Change component parameters (AddParameter): Name = "Manufacturer"; Value = "Panasonic - ECG"; VariantName = "[No Variations]"
Change component parameters (AddParameter): Name = "Manufacturer Part Number"; Value = "ECJ-1VB0J225K"; VariantName = "[No Variations]"
Change component parameters (AddParameter): Name = "Reel"; Value = "C7"; VariantName = "[No Variations]"
Change component parameters (AddParameter): Name = "Supplier 1"; Value = "Digi-Key"; VariantName = "[No Variations]"
Change component parameters (AddParameter): Name = "Supplier Part Number 1"; Value = "PCC2273TR-ND"; VariantName = "[No Variations]"
Change component parameters: Designator = "C5"; Footprint = "0805C-GENERIC"; UniqueID = "\QPIRWHEH"
Change component parameters. Clean all parameters for all variants
Change component parameters (AddParameter): Name = "Manufacturer"; Value = "Panasonic - ECG"; VariantName = "[No Variations]"
Change component parameters (AddParameter): Name = "Manufacturer Part Number"; Value = "ECJ-1VB0J225K"; VariantName = "[No Variations]"
Change component parameters (AddParameter): Name = "Reel"; Value = "C7"; VariantName = "[No Variations]"
Change component parameters (AddParameter): Name = "Supplier 1"; Value = "Digi-Key"; VariantName = "[No Variations]"
Change component parameters (AddParameter): Name = "Supplier Part Number 1"; Value = "PCC2273TR-ND"; VariantName = "[No Variations]"
Change component parameters: Designator = "C7"; Footprint = "0805C-GENERIC"; UniqueID = "\TWCYBHRJ"
Change component parameters. Clean all parameters for all variants
Change component parameters (AddParameter): Name = "Manufacturer"; Value = "Panasonic - ECG"; VariantName = "[No Variations]"
Change component parameters (AddParameter): Name = "Manufacturer Part Number"; Value = "ECJ-1VB0J225K"; VariantName = "[No Variations]"
Change component parameters (AddParameter): Name = "Reel"; Value = "C7"; VariantName = "[No Variations]"
Change component parameters (AddParameter): Name = "Supplier 1"; Value = "Digi-Key"; VariantName = "[No Variations]"
Change component parameters (AddParameter): Name = "Supplier Part Number 1"; Value = "PCC2273TR-ND"; VariantName = "[No Variations]"
Change component parameters: Designator = "C3"; Footprint = "CAPC3216X180"; UniqueID = "\UFKMFNQP"
Change component parameters. Clean all parameters for all variants
Change component parameters (AddParameter): Name = "Availability"; Value = "Unavailable"; VariantName = "[No Variations]"
Change component parameters (AddParameter): Name = "MF"; Value = "TDK"; VariantName = "[No Variations]"
Change component parameters (AddParameter): Name = "MP"; Value = "C3216X5R1A106K160AB"; VariantName = "[No Variations]"
Change component parameters (AddParameter): Name = "Package"; Value = "1206 TDK"; VariantName = "[No Variations]"
Change component parameters (AddParameter): Name = "Price"; Value = "0.19 USD"; VariantName = "[No Variations]"
Change component parameters (AddParameter): Name = "SnapEDA_Link"; Value = "https://www.snapeda.com/parts/C3216X5R1A106K160AB/TDK/view-part/?ref=snap"; VariantName = "[No Variations]"
Change component parameters (AddParameter): Name = "Value"; Value = ""; VariantName = "[No Variations]"
Change component parameters: Designator = "C6"; Footprint = "CAPC3216X180"; UniqueID = "\TVJBYAEP"
Change component parameters. Clean all parameters for all variants
Change component parameters (AddParameter): Name = "Availability"; Value = "Unavailable"; VariantName = "[No Variations]"
Change component parameters (AddParameter): Name = "MF"; Value = "TDK"; VariantName = "[No Variations]"
Change component parameters (AddParameter): Name = "MP"; Value = "C3216X5R1A106K160AB"; VariantName = "[No Variations]"
Change component parameters (AddParameter): Name = "Package"; Value = "1206 TDK"; VariantName = "[No Variations]"
Change component parameters (AddParameter): Name = "Price"; Value = "0.19 USD"; VariantName = "[No Variations]"
Change component parameters (AddParameter): Name = "SnapEDA_Link"; Value = "https://www.snapeda.com/parts/C3216X5R1A106K160AB/TDK/view-part/?ref=snap"; VariantName = "[No Variations]"
Change component parameters (AddParameter): Name = "Value"; Value = ""; VariantName = "[No Variations]"
Change component parameters: Designator = "U1"; Footprint = "SOT229P700X180-4N"; UniqueID = "\KJWPCOSM"
Change component parameters. Clean all parameters for all variants
Change component parameters (AddParameter): Name = "Availability"; Value = "Unavailable"; VariantName = "[No Variations]"
Change component parameters (AddParameter): Name = "MF"; Value = "Advanced Monolithic Systems"; VariantName = "[No Variations]"
Change component parameters (AddParameter): Name = "MP"; Value = "AMS1117-3.3"; VariantName = "[No Variations]"
Change component parameters (AddParameter): Name = "Package"; Value = "None"; VariantName = "[No Variations]"
Change component parameters (AddParameter): Name = "Price"; Value = "None"; VariantName = "[No Variations]"
Change component parameters (AddParameter): Name = "SnapEDA_Link"; Value = "https://www.snapeda.com/parts/AMS1117-3.3/Advanced%20Monolithic%20Systems/view-part/?ref=snap"; VariantName = "[No Variations]"
Change component parameters (AddParameter): Name = "Value"; Value = ""; VariantName = "[No Variations]"
Change component parameters: Designator = "STM32"; Footprint = "SOP65P640X120-20N"; UniqueID = "\TSOUNXRX"
Change component parameters. Clean all parameters for all variants
Change component parameters (AddParameter): Name = "Arrow Part Number"; Value = "STM32F070F6P6"; VariantName = "[No Variations]"
Change component parameters (AddParameter): Name = "Arrow Price/Stock"; Value = "https://www.arrow.com/en/products/stm32f070f6p6/stmicroelectronics"; VariantName = "[No Variations]"
Change component parameters (AddParameter): Name = "Datasheet Link"; Value = "http://www.st.com/content/ccc/resource/technical/document/datasheet/31/4f/10/5f/a5/32/46/42/DM00141386.pdf/files/DM00141386.pdf/jcr:content/translations/en.DM00141386.pdf"; VariantName = "[No Variations]"
Change component parameters (AddParameter): Name = "Geometry.Height"; Value = "1.2mm"; VariantName = "[No Variations]"
Change component parameters (AddParameter): Name = "Manufacturer_Name"; Value = "STMicroelectronics"; VariantName = "[No Variations]"
Change component parameters (AddParameter): Name = "Manufacturer_Part_Number"; Value = "STM32F070F6P6"; VariantName = "[No Variations]"
Change component parameters (AddParameter): Name = "RS Part Number"; Value = ""; VariantName = "[No Variations]"
Change component parameters (AddParameter): Name = "RS Price/Stock"; Value = ""; VariantName = "[No Variations]"
Added Component: Designator=C1(0805)
Add component. Clean all parameters for all variants
Added Component: Designator=C11(0805)
Add component. Clean all parameters for all variants
Added Component: Designator=C14(0805)
Add component. Clean all parameters for all variants
Added Component: Designator=D2(SMA)
Add component. Clean all parameters for all variants
Added Component: Designator=R2(0805)
Add component. Clean all parameters for all variants
Added Component: Designator=R3(1206)
Add component. Clean all parameters for all variants
Added Component: Designator=R4(0805)
Add component. Clean all parameters for all variants
Added Component: Designator=R5(0805)
Add component. Clean all parameters for all variants
Added Component: Designator=R6(0805)
Add component. Clean all parameters for all variants
Added Component: Designator=R7(0805)
Add component. Clean all parameters for all variants
Added Component: Designator=R9(0805)
Add component. Clean all parameters for all variants
Added Component: Designator=R10(0805)
Add component. Clean all parameters for all variants
Added Pin To Net: NetName=+12V Pin=D2-2
Added Pin To Net: NetName=GND Pin=R4-1
Added Pin To Net: NetName=+12V Pin=R4-2
Change Net Name : Old Net Name=+12V New Net Name=+15V
Change Net Name : Old Net Name=GND New Net Name=GND2
Added Net: Name=DRAIN
Added Pin To Net: NetName=GND Pin=C11-2
Added Pin To Net: NetName=GND Pin=C14-2
Added Pin To Net: NetName=GND Pin=R7-2
Added Pin To Net: NetName=GND Pin=R9-1
Added Pin To Net: NetName=GND Pin=R10-2
Added Net: Name=GND
Added Pin To Net: NetName=NetC1_1 Pin=C1-1
Added Pin To Net: NetName=NetC1_1 Pin=R2-1
Added Pin To Net: NetName=NetC1_1 Pin=R3-2
Added Net: Name=NetC1_1
Added Pin To Net: NetName=NetC1_2 Pin=C1-2
Added Pin To Net: NetName=NetC1_2 Pin=R2-2
Added Net: Name=NetC1_2
Added Net: Name=NetC8_1
Added Net: Name=NetC8_2
Added Pin To Net: NetName=NetC11_1 Pin=C11-1
Added Net: Name=NetC11_1
Added Net: Name=NetC12_1
Added Pin To Net: NetName=NetC14_1 Pin=C14-1
Added Pin To Net: NetName=NetC14_1 Pin=R5-2
Added Pin To Net: NetName=NetC14_1 Pin=R6-2
Added Net: Name=NetC14_1
Added Pin To Net: NetName=NetD2_1 Pin=D2-1
Added Net: Name=NetD2_1
Added Pin To Net: NetName=NetD4_2 Pin=R3-1
Added Net: Name=NetD4_2
Added Pin To Net: NetName=NetD5_1 Pin=R5-1
Added Pin To Net: NetName=NetD5_1 Pin=R6-1
Added Net: Name=NetD5_1
Added Net: Name=NetF1_2
Added Pin To Net: NetName=NetR7_1 Pin=R7-1
Added Net: Name=NetR7_1
Added Pin To Net: NetName=NetR9_2 Pin=R9-2
Added Pin To Net: NetName=NetR9_2 Pin=R10-1
Added Net: Name=NetR9_2
Added Member To Class: ClassName=MDBT42Q Member=Component BLE MODULE_MDBT42Q
Added Member To Class: ClassName=MDBT42Q Member=Component C1 1nF/1KV
Added Member To Class: ClassName=MDBT42Q Member=Component C11 68pF/50V
Added Member To Class: ClassName=MDBT42Q Member=Component C14 68pF/50V
Added Member To Class: ClassName=MDBT42Q Member=Component D2 SF18G
Added Member To Class: ClassName=MDBT42Q Member=Component R2 120K ohm
Added Member To Class: ClassName=MDBT42Q Member=Component R3 5K6
Added Member To Class: ClassName=MDBT42Q Member=Component R4 10K
Added Member To Class: ClassName=MDBT42Q Member=Component R5 33K
Added Member To Class: ClassName=MDBT42Q Member=Component R6 33K
Added Member To Class: ClassName=MDBT42Q Member=Component R7 0R
Added Member To Class: ClassName=MDBT42Q Member=Component R9 2R7
Added Member To Class: ClassName=MDBT42Q Member=Component R10 2R7
Added Member To Class: ClassName=MDBT42Q Member=Component STM32 STM32F070F6P6
Added Room: Name=MDBT42Q
