Added Component: Designator=J1(JP_8)
Add component. Clean all parameters for all variants
Added Component: Designator=M1(MODULE_TTP224)
Add component. Clean all parameters for all variants
Added Component: Designator=M2(MODULE LDR)
Add component. Clean all parameters for all variants
Added Component: Designator=M3(NODEMCU_V1.0_LABLE_INSIDE)
Add component. Clean all parameters for all variants
Added Pin To Net: NetName=EN Pin=J1-5
Added Pin To Net: NetName=EN Pin=M3-15
Added Net: Name=EN
Added Pin To Net: NetName=GND Pin=J1-6
Added Pin To Net: NetName=GND Pin=M1-5
Added Pin To Net: NetName=GND Pin=M2-2
Added Pin To Net: NetName=GND Pin=M2-2
Added Pin To Net: NetName=GND Pin=M2-2
Added Pin To Net: NetName=GND Pin=M2-2
Added Pin To Net: NetName=GND Pin=M2-2
Added Pin To Net: NetName=GND Pin=M2-2
Added Pin To Net: NetName=GND Pin=M3-29
Added Net: Name=GND
Added Pin To Net: NetName=IN1 Pin=J1-4
Added Pin To Net: NetName=IN1 Pin=M3-14
Added Net: Name=IN1
Added Pin To Net: NetName=IN2 Pin=J1-3
Added Pin To Net: NetName=IN2 Pin=M3-13
Added Net: Name=IN2
Added Pin To Net: NetName=NetM1_1 Pin=M1-1
Added Pin To Net: NetName=NetM1_1 Pin=M3-8
Added Net: Name=NetM1_1
Added Pin To Net: NetName=NetM1_2 Pin=M1-2
Added Pin To Net: NetName=NetM1_2 Pin=M3-7
Added Net: Name=NetM1_2
Added Pin To Net: NetName=NetM1_3 Pin=M1-3
Added Pin To Net: NetName=NetM1_3 Pin=M3-6
Added Net: Name=NetM1_3
Added Pin To Net: NetName=NetM1_4 Pin=M1-4
Added Pin To Net: NetName=NetM1_4 Pin=M3-5
Added Net: Name=NetM1_4
Added Pin To Net: NetName=NetM2_4 Pin=M2-4
Added Pin To Net: NetName=NetM2_4 Pin=M2-4
Added Pin To Net: NetName=NetM2_4 Pin=M3-16
Added Net: Name=NetM2_4
Added Pin To Net: NetName=O1 Pin=J1-2
Added Pin To Net: NetName=O1 Pin=M3-12
Added Net: Name=O1
Added Pin To Net: NetName=O2 Pin=J1-1
Added Pin To Net: NetName=O2 Pin=M3-11
Added Net: Name=O2
Added Pin To Net: NetName=VCC Pin=J1-7
Added Pin To Net: NetName=VCC Pin=M1-6
Added Pin To Net: NetName=VCC Pin=M2-1
Added Pin To Net: NetName=VCC Pin=M2-1
Added Pin To Net: NetName=VCC Pin=M2-1
Added Pin To Net: NetName=VCC Pin=M2-1
Added Pin To Net: NetName=VCC Pin=M2-1
Added Pin To Net: NetName=VCC Pin=M2-1
Added Pin To Net: NetName=VCC Pin=M3-30
Added Net: Name=VCC
Added Class: Name=nodeMCU vs motor
Added Room: Name=nodeMCU vs motor
